[2023-06-26T06:51:20.453+0200] {taskinstance.py:1103} INFO - Dependencies all met for dep_context=non-requeueable deps ti=<TaskInstance: execute_python.check_participants manual__2023-06-26T04:51:17.384020+00:00 [queued]>
[2023-06-26T06:51:20.459+0200] {taskinstance.py:1103} INFO - Dependencies all met for dep_context=requeueable deps ti=<TaskInstance: execute_python.check_participants manual__2023-06-26T04:51:17.384020+00:00 [queued]>
[2023-06-26T06:51:20.459+0200] {taskinstance.py:1308} INFO - Starting attempt 1 of 2
[2023-06-26T06:51:20.474+0200] {taskinstance.py:1327} INFO - Executing <Task(PythonOperator): check_participants> on 2023-06-26 04:51:17.384020+00:00
[2023-06-26T06:51:20.477+0200] {standard_task_runner.py:57} INFO - Started process 108816 to run task
[2023-06-26T06:51:20.479+0200] {standard_task_runner.py:84} INFO - Running: ['airflow', 'tasks', 'run', 'execute_python', 'check_participants', 'manual__2023-06-26T04:51:17.384020+00:00', '--job-id', '97', '--raw', '--subdir', 'DAGS_FOLDER/thesis_container.py', '--cfg-path', '/tmp/tmptf1jzgen']
[2023-06-26T06:51:20.481+0200] {standard_task_runner.py:85} INFO - Job 97: Subtask check_participants
[2023-06-26T06:51:20.516+0200] {task_command.py:410} INFO - Running <TaskInstance: execute_python.check_participants manual__2023-06-26T04:51:17.384020+00:00 [running]> on host DESKTOP-3KJU1M7.
[2023-06-26T06:51:20.589+0200] {taskinstance.py:1545} INFO - Exporting env vars: AIRFLOW_CTX_DAG_OWNER='airflow' AIRFLOW_CTX_DAG_ID='execute_python' AIRFLOW_CTX_TASK_ID='check_participants' AIRFLOW_CTX_EXECUTION_DATE='2023-06-26T04:51:17.384020+00:00' AIRFLOW_CTX_TRY_NUMBER='1' AIRFLOW_CTX_DAG_RUN_ID='manual__2023-06-26T04:51:17.384020+00:00'
[2023-06-26T06:51:20.590+0200] {logging_mixin.py:149} INFO - ['reynel_95']
[2023-06-26T06:51:20.590+0200] {logging_mixin.py:149} INFO - []
[2023-06-26T06:51:20.590+0200] {logging_mixin.py:149} INFO - ['reynel_95']
[2023-06-26T06:51:20.591+0200] {logging_mixin.py:149} INFO - New participants found. Creating containers...
[2023-06-26T06:51:20.591+0200] {logging_mixin.py:149} INFO - 0
[2023-06-26T06:51:20.591+0200] {logging_mixin.py:149} INFO - <class 'int'>
[2023-06-26T06:51:20.591+0200] {logging_mixin.py:149} INFO - ['reynel_95']
[2023-06-26T06:51:20.591+0200] {logging_mixin.py:149} INFO - list test ['reynel_95']
[2023-06-26T06:51:20.591+0200] {logging_mixin.py:149} INFO - ['/home/reynel1995/Thesis/Participant1/1_6-6.mrxs']
[2023-06-26T06:51:20.591+0200] {logging_mixin.py:149} INFO - single container reynel_95
[2023-06-26T06:51:20.591+0200] {logging_mixin.py:149} INFO - /home/reynel1995/Thesis/Participant1/1_6-6.mrxs
[2023-06-26T06:51:20.591+0200] {logging_mixin.py:149} INFO - /home/reynel1995/Thesis/Participant1/1_6-6.mrxs
[2023-06-26T06:51:20.591+0200] {logging_mixin.py:149} INFO - /home/reynel1995/Thesis/Participant1
[2023-06-26T06:51:20.591+0200] {logging_mixin.py:149} INFO - ['/home/reynel1995/Thesis/Participant1/1_6-6.mrxs']
[2023-06-26T06:51:20.592+0200] {logging_mixin.py:149} INFO - id reynel_95
[2023-06-26T06:51:20.592+0200] {logging_mixin.py:149} INFO - folder_path /home/reynel1995/Thesis/Participant1
[2023-06-26T06:51:39.456+0200] {logging_mixin.py:149} INFO - Container reynel_95 image built successfully.
[2023-06-26T06:51:44.581+0200] {logging_mixin.py:149} INFO - Container reynel_95 started.
[2023-06-26T06:51:44.582+0200] {logging_mixin.py:149} INFO - copy files function ['/home/reynel1995/Thesis/Participant1/1_6-6.mrxs']
[2023-06-26T06:51:44.582+0200] {logging_mixin.py:149} INFO - 1_6-6.mrxs
[2023-06-26T06:51:44.687+0200] {logging_mixin.py:149} INFO - File /home/reynel1995/Thesis/host_1/Image_analysis.py copied to container 1_6-6.mrxs volume.
[2023-06-26T06:51:44.706+0200] {logging_mixin.py:149} INFO - Container 1_6-6.mrxs not found.
[2023-06-26T06:51:44.706+0200] {logging_mixin.py:149} INFO - Results saved to directory /home/reynel1995/Thesis/host_1
[2023-06-26T06:51:44.706+0200] {logging_mixin.py:149} INFO - New participants before registering: ['reynel_95']
[2023-06-26T06:51:44.706+0200] {logging_mixin.py:149} INFO - New participants type: <class 'list'>
[2023-06-26T06:51:44.707+0200] {logging_mixin.py:149} INFO - Processing completed.
[2023-06-26T06:51:44.707+0200] {python.py:183} INFO - Done. Returned value was: None
[2023-06-26T06:51:44.714+0200] {taskinstance.py:1345} INFO - Marking task as SUCCESS. dag_id=execute_python, task_id=check_participants, execution_date=20230626T045117, start_date=20230626T045120, end_date=20230626T045144
[2023-06-26T06:51:44.748+0200] {local_task_job_runner.py:225} INFO - Task exited with return code 0
[2023-06-26T06:51:44.785+0200] {taskinstance.py:2651} INFO - 1 downstream tasks scheduled from follow-on schedule check
