[2023-06-15T23:52:24.377+0200] {taskinstance.py:1103} INFO - Dependencies all met for dep_context=non-requeueable deps ti=<TaskInstance: ejecutar_python.check_participants manual__2023-06-15T14:47:07.980597+00:00 [queued]>
[2023-06-15T23:52:24.384+0200] {taskinstance.py:1103} INFO - Dependencies all met for dep_context=requeueable deps ti=<TaskInstance: ejecutar_python.check_participants manual__2023-06-15T14:47:07.980597+00:00 [queued]>
[2023-06-15T23:52:24.385+0200] {taskinstance.py:1308} INFO - Starting attempt 17 of 18
[2023-06-15T23:52:24.400+0200] {taskinstance.py:1327} INFO - Executing <Task(PythonOperator): check_participants> on 2023-06-15 14:47:07.980597+00:00
[2023-06-15T23:52:24.403+0200] {standard_task_runner.py:57} INFO - Started process 139443 to run task
[2023-06-15T23:52:24.406+0200] {standard_task_runner.py:84} INFO - Running: ['airflow', 'tasks', 'run', 'ejecutar_python', 'check_participants', 'manual__2023-06-15T14:47:07.980597+00:00', '--job-id', '61', '--raw', '--subdir', 'DAGS_FOLDER/thesis_container.py', '--cfg-path', '/tmp/tmp0_4y7h6u']
[2023-06-15T23:52:24.407+0200] {standard_task_runner.py:85} INFO - Job 61: Subtask check_participants
[2023-06-15T23:52:24.441+0200] {task_command.py:410} INFO - Running <TaskInstance: ejecutar_python.check_participants manual__2023-06-15T14:47:07.980597+00:00 [running]> on host DESKTOP-3KJU1M7.
[2023-06-15T23:52:24.520+0200] {taskinstance.py:1545} INFO - Exporting env vars: AIRFLOW_CTX_DAG_OWNER='airflow' AIRFLOW_CTX_DAG_ID='ejecutar_python' AIRFLOW_CTX_TASK_ID='check_participants' AIRFLOW_CTX_EXECUTION_DATE='2023-06-15T14:47:07.980597+00:00' AIRFLOW_CTX_TRY_NUMBER='17' AIRFLOW_CTX_DAG_RUN_ID='manual__2023-06-15T14:47:07.980597+00:00'
[2023-06-15T23:52:24.522+0200] {logging_mixin.py:149} INFO - ['hola_525']
[2023-06-15T23:52:24.522+0200] {logging_mixin.py:149} INFO - ['']
[2023-06-15T23:52:24.522+0200] {logging_mixin.py:149} INFO - ['hola_525']
[2023-06-15T23:52:24.522+0200] {logging_mixin.py:149} INFO - New participants found. Creating containers...
[2023-06-15T23:52:24.522+0200] {logging_mixin.py:149} INFO - 0
[2023-06-15T23:52:24.523+0200] {logging_mixin.py:149} INFO - <class 'int'>
[2023-06-15T23:52:24.523+0200] {logging_mixin.py:149} INFO - ['hola_525']
[2023-06-15T23:52:24.523+0200] {logging_mixin.py:149} INFO - prueba de lista ['hola_525']
[2023-06-15T23:52:24.523+0200] {logging_mixin.py:149} INFO - ['/home/reynel1995/Thesis/host_2/1_6-6.mrxs']
[2023-06-15T23:52:24.523+0200] {logging_mixin.py:149} INFO - container solito hola_525
[2023-06-15T23:52:24.523+0200] {logging_mixin.py:149} INFO - /home/reynel1995/Thesis/host_2/1_6-6.mrxs
[2023-06-15T23:52:24.523+0200] {logging_mixin.py:149} INFO - /home/reynel1995/Thesis/host_2/1_6-6.mrxs
[2023-06-15T23:52:24.523+0200] {logging_mixin.py:149} INFO - /home/reynel1995/Thesis/host_2
[2023-06-15T23:52:24.523+0200] {logging_mixin.py:149} INFO - nuevo /home/reynel1995/Thesis/hola_525
[2023-06-15T23:52:24.523+0200] {logging_mixin.py:149} INFO - ['/home/reynel1995/Thesis/hola_525', '', '/home/reynel1995/Thesis/hola_525', '/home/reynel1995/Thesis/hola_525', '/home/reynel1995/Thesis/hola_525', '/home/reynel1995/Thesis/hola_525', '/home/reynel1995/Thesis/hola_525', '/home/reynel1995/Thesis/hola_525']
[2023-06-15T23:52:24.937+0200] {logging_mixin.py:149} INFO - Container hola_525 image built successfully.
[2023-06-15T23:52:25.520+0200] {logging_mixin.py:149} INFO - Container hola_525 started.
[2023-06-15T23:52:25.521+0200] {logging_mixin.py:149} INFO - copy files function ['/home/reynel1995/Thesis/hola_525', '', '/home/reynel1995/Thesis/hola_525', '/home/reynel1995/Thesis/hola_525', '/home/reynel1995/Thesis/hola_525', '/home/reynel1995/Thesis/hola_525', '/home/reynel1995/Thesis/hola_525', '/home/reynel1995/Thesis/hola_525']
[2023-06-15T23:52:25.521+0200] {logging_mixin.py:149} INFO - hola_525
[2023-06-15T23:52:25.656+0200] {logging_mixin.py:149} INFO - File /home/reynel1995/Thesis/host_1/Image_analysis.py copied to container hola_525 volume.
[2023-06-15T23:53:55.083+0200] {logging_mixin.py:149} INFO - Command 'python /app/Image_analysis.py' executed in container hola_525.
[2023-06-15T23:53:56.023+0200] {logging_mixin.py:149} INFO - Image image_0.jpg copied to /home/reynel1995/Thesis/host_1/hola_525/image_0.jpg
[2023-06-15T23:53:56.573+0200] {logging_mixin.py:149} INFO - Image image_1.jpg copied to /home/reynel1995/Thesis/host_1/hola_525/image_1.jpg
[2023-06-15T23:53:56.814+0200] {logging_mixin.py:149} INFO - Image image_10.jpg copied to /home/reynel1995/Thesis/host_1/hola_525/image_2.jpg
[2023-06-15T23:53:57.169+0200] {logging_mixin.py:149} INFO - Image image_100.jpg copied to /home/reynel1995/Thesis/host_1/hola_525/image_3.jpg
[2023-06-15T23:53:57.392+0200] {logging_mixin.py:149} INFO - Image image_101.jpg copied to /home/reynel1995/Thesis/host_1/hola_525/image_4.jpg
[2023-06-15T23:53:57.487+0200] {logging_mixin.py:149} INFO - Image image_102.jpg copied to /home/reynel1995/Thesis/host_1/hola_525/image_5.jpg
[2023-06-15T23:53:57.545+0200] {logging_mixin.py:149} INFO - Image image_103.jpg copied to /home/reynel1995/Thesis/host_1/hola_525/image_6.jpg
[2023-06-15T23:53:57.760+0200] {logging_mixin.py:149} INFO - Image image_104.jpg copied to /home/reynel1995/Thesis/host_1/hola_525/image_7.jpg
[2023-06-15T23:53:57.827+0200] {logging_mixin.py:149} INFO - Image image_105.jpg copied to /home/reynel1995/Thesis/host_1/hola_525/image_8.jpg
[2023-06-15T23:53:57.897+0200] {logging_mixin.py:149} INFO - Image image_106.jpg copied to /home/reynel1995/Thesis/host_1/hola_525/image_9.jpg
[2023-06-15T23:53:58.137+0200] {logging_mixin.py:149} INFO - Image image_107.jpg copied to /home/reynel1995/Thesis/host_1/hola_525/image_10.jpg
[2023-06-15T23:53:58.436+0200] {logging_mixin.py:149} INFO - Image image_108.jpg copied to /home/reynel1995/Thesis/host_1/hola_525/image_11.jpg
[2023-06-15T23:53:58.484+0200] {logging_mixin.py:149} INFO - Image image_109.jpg copied to /home/reynel1995/Thesis/host_1/hola_525/image_12.jpg
[2023-06-15T23:53:58.546+0200] {logging_mixin.py:149} INFO - Image image_11.jpg copied to /home/reynel1995/Thesis/host_1/hola_525/image_13.jpg
[2023-06-15T23:53:58.658+0200] {logging_mixin.py:149} INFO - Image image_110.jpg copied to /home/reynel1995/Thesis/host_1/hola_525/image_14.jpg
[2023-06-15T23:53:58.817+0200] {logging_mixin.py:149} INFO - Image image_111.jpg copied to /home/reynel1995/Thesis/host_1/hola_525/image_15.jpg
[2023-06-15T23:53:58.948+0200] {logging_mixin.py:149} INFO - Image image_112.jpg copied to /home/reynel1995/Thesis/host_1/hola_525/image_16.jpg
[2023-06-15T23:53:59.061+0200] {logging_mixin.py:149} INFO - Image image_113.jpg copied to /home/reynel1995/Thesis/host_1/hola_525/image_17.jpg
[2023-06-15T23:53:59.230+0200] {logging_mixin.py:149} INFO - Image image_114.jpg copied to /home/reynel1995/Thesis/host_1/hola_525/image_18.jpg
[2023-06-15T23:53:59.430+0200] {logging_mixin.py:149} INFO - Image image_115.jpg copied to /home/reynel1995/Thesis/host_1/hola_525/image_19.jpg
[2023-06-15T23:53:59.754+0200] {logging_mixin.py:149} INFO - Image image_116.jpg copied to /home/reynel1995/Thesis/host_1/hola_525/image_20.jpg
[2023-06-15T23:53:59.826+0200] {logging_mixin.py:149} INFO - Image image_117.jpg copied to /home/reynel1995/Thesis/host_1/hola_525/image_21.jpg
[2023-06-15T23:53:59.935+0200] {logging_mixin.py:149} INFO - Image image_118.jpg copied to /home/reynel1995/Thesis/host_1/hola_525/image_22.jpg
[2023-06-15T23:54:00.092+0200] {logging_mixin.py:149} INFO - Image image_119.jpg copied to /home/reynel1995/Thesis/host_1/hola_525/image_23.jpg
[2023-06-15T23:54:00.143+0200] {logging_mixin.py:149} INFO - Image image_12.jpg copied to /home/reynel1995/Thesis/host_1/hola_525/image_24.jpg
[2023-06-15T23:54:00.199+0200] {logging_mixin.py:149} INFO - Image image_120.jpg copied to /home/reynel1995/Thesis/host_1/hola_525/image_25.jpg
[2023-06-15T23:54:00.251+0200] {logging_mixin.py:149} INFO - Image image_121.jpg copied to /home/reynel1995/Thesis/host_1/hola_525/image_26.jpg
[2023-06-15T23:54:00.306+0200] {logging_mixin.py:149} INFO - Image image_122.jpg copied to /home/reynel1995/Thesis/host_1/hola_525/image_27.jpg
[2023-06-15T23:54:00.360+0200] {logging_mixin.py:149} INFO - Image image_123.jpg copied to /home/reynel1995/Thesis/host_1/hola_525/image_28.jpg
[2023-06-15T23:54:00.458+0200] {logging_mixin.py:149} INFO - Image image_124.jpg copied to /home/reynel1995/Thesis/host_1/hola_525/image_29.jpg
[2023-06-15T23:54:00.612+0200] {logging_mixin.py:149} INFO - Image image_125.jpg copied to /home/reynel1995/Thesis/host_1/hola_525/image_30.jpg
[2023-06-15T23:54:00.659+0200] {logging_mixin.py:149} INFO - Image image_126.jpg copied to /home/reynel1995/Thesis/host_1/hola_525/image_31.jpg
[2023-06-15T23:54:00.712+0200] {logging_mixin.py:149} INFO - Image image_127.jpg copied to /home/reynel1995/Thesis/host_1/hola_525/image_32.jpg
[2023-06-15T23:54:00.780+0200] {logging_mixin.py:149} INFO - Image image_128.jpg copied to /home/reynel1995/Thesis/host_1/hola_525/image_33.jpg
[2023-06-15T23:54:00.839+0200] {logging_mixin.py:149} INFO - Image image_129.jpg copied to /home/reynel1995/Thesis/host_1/hola_525/image_34.jpg
[2023-06-15T23:54:00.892+0200] {logging_mixin.py:149} INFO - Image image_13.jpg copied to /home/reynel1995/Thesis/host_1/hola_525/image_35.jpg
[2023-06-15T23:54:00.942+0200] {logging_mixin.py:149} INFO - Image image_130.jpg copied to /home/reynel1995/Thesis/host_1/hola_525/image_36.jpg
[2023-06-15T23:54:01.003+0200] {logging_mixin.py:149} INFO - Image image_131.jpg copied to /home/reynel1995/Thesis/host_1/hola_525/image_37.jpg
[2023-06-15T23:54:01.059+0200] {logging_mixin.py:149} INFO - Image image_132.jpg copied to /home/reynel1995/Thesis/host_1/hola_525/image_38.jpg
[2023-06-15T23:54:01.115+0200] {logging_mixin.py:149} INFO - Image image_133.jpg copied to /home/reynel1995/Thesis/host_1/hola_525/image_39.jpg
[2023-06-15T23:54:01.179+0200] {logging_mixin.py:149} INFO - Image image_134.jpg copied to /home/reynel1995/Thesis/host_1/hola_525/image_40.jpg
[2023-06-15T23:54:01.239+0200] {logging_mixin.py:149} INFO - Image image_135.jpg copied to /home/reynel1995/Thesis/host_1/hola_525/image_41.jpg
[2023-06-15T23:54:01.299+0200] {logging_mixin.py:149} INFO - Image image_136.jpg copied to /home/reynel1995/Thesis/host_1/hola_525/image_42.jpg
[2023-06-15T23:54:01.359+0200] {logging_mixin.py:149} INFO - Image image_137.jpg copied to /home/reynel1995/Thesis/host_1/hola_525/image_43.jpg
[2023-06-15T23:54:01.615+0200] {logging_mixin.py:149} INFO - Image image_138.jpg copied to /home/reynel1995/Thesis/host_1/hola_525/image_44.jpg
[2023-06-15T23:54:01.665+0200] {logging_mixin.py:149} INFO - Image image_139.jpg copied to /home/reynel1995/Thesis/host_1/hola_525/image_45.jpg
[2023-06-15T23:54:01.757+0200] {logging_mixin.py:149} INFO - Image image_14.jpg copied to /home/reynel1995/Thesis/host_1/hola_525/image_46.jpg
[2023-06-15T23:54:01.816+0200] {logging_mixin.py:149} INFO - Image image_140.jpg copied to /home/reynel1995/Thesis/host_1/hola_525/image_47.jpg
[2023-06-15T23:54:01.868+0200] {logging_mixin.py:149} INFO - Image image_141.jpg copied to /home/reynel1995/Thesis/host_1/hola_525/image_48.jpg
[2023-06-15T23:54:01.925+0200] {logging_mixin.py:149} INFO - Image image_142.jpg copied to /home/reynel1995/Thesis/host_1/hola_525/image_49.jpg
[2023-06-15T23:54:02.069+0200] {logging_mixin.py:149} INFO - Image image_143.jpg copied to /home/reynel1995/Thesis/host_1/hola_525/image_50.jpg
[2023-06-15T23:54:02.178+0200] {logging_mixin.py:149} INFO - Image image_144.jpg copied to /home/reynel1995/Thesis/host_1/hola_525/image_51.jpg
[2023-06-15T23:54:02.230+0200] {logging_mixin.py:149} INFO - Image image_145.jpg copied to /home/reynel1995/Thesis/host_1/hola_525/image_52.jpg
[2023-06-15T23:54:02.337+0200] {logging_mixin.py:149} INFO - Image image_146.jpg copied to /home/reynel1995/Thesis/host_1/hola_525/image_53.jpg
[2023-06-15T23:54:02.406+0200] {logging_mixin.py:149} INFO - Image image_147.jpg copied to /home/reynel1995/Thesis/host_1/hola_525/image_54.jpg
[2023-06-15T23:54:02.465+0200] {logging_mixin.py:149} INFO - Image image_148.jpg copied to /home/reynel1995/Thesis/host_1/hola_525/image_55.jpg
[2023-06-15T23:54:02.539+0200] {logging_mixin.py:149} INFO - Image image_149.jpg copied to /home/reynel1995/Thesis/host_1/hola_525/image_56.jpg
[2023-06-15T23:54:02.592+0200] {logging_mixin.py:149} INFO - Image image_15.jpg copied to /home/reynel1995/Thesis/host_1/hola_525/image_57.jpg
[2023-06-15T23:54:02.838+0200] {logging_mixin.py:149} INFO - Image image_150.jpg copied to /home/reynel1995/Thesis/host_1/hola_525/image_58.jpg
[2023-06-15T23:54:02.888+0200] {logging_mixin.py:149} INFO - Image image_151.jpg copied to /home/reynel1995/Thesis/host_1/hola_525/image_59.jpg
[2023-06-15T23:54:02.941+0200] {logging_mixin.py:149} INFO - Image image_152.jpg copied to /home/reynel1995/Thesis/host_1/hola_525/image_60.jpg
[2023-06-15T23:54:03.049+0200] {logging_mixin.py:149} INFO - Image image_153.jpg copied to /home/reynel1995/Thesis/host_1/hola_525/image_61.jpg
[2023-06-15T23:54:03.150+0200] {logging_mixin.py:149} INFO - Image image_154.jpg copied to /home/reynel1995/Thesis/host_1/hola_525/image_62.jpg
[2023-06-15T23:54:03.256+0200] {logging_mixin.py:149} INFO - Image image_155.jpg copied to /home/reynel1995/Thesis/host_1/hola_525/image_63.jpg
[2023-06-15T23:54:03.347+0200] {logging_mixin.py:149} INFO - Image image_156.jpg copied to /home/reynel1995/Thesis/host_1/hola_525/image_64.jpg
[2023-06-15T23:54:03.405+0200] {logging_mixin.py:149} INFO - Image image_157.jpg copied to /home/reynel1995/Thesis/host_1/hola_525/image_65.jpg
[2023-06-15T23:54:03.464+0200] {logging_mixin.py:149} INFO - Image image_158.jpg copied to /home/reynel1995/Thesis/host_1/hola_525/image_66.jpg
[2023-06-15T23:54:03.523+0200] {logging_mixin.py:149} INFO - Image image_159.jpg copied to /home/reynel1995/Thesis/host_1/hola_525/image_67.jpg
[2023-06-15T23:54:03.578+0200] {logging_mixin.py:149} INFO - Image image_16.jpg copied to /home/reynel1995/Thesis/host_1/hola_525/image_68.jpg
[2023-06-15T23:54:03.636+0200] {logging_mixin.py:149} INFO - Image image_160.jpg copied to /home/reynel1995/Thesis/host_1/hola_525/image_69.jpg
[2023-06-15T23:54:03.690+0200] {logging_mixin.py:149} INFO - Image image_161.jpg copied to /home/reynel1995/Thesis/host_1/hola_525/image_70.jpg
[2023-06-15T23:54:03.746+0200] {logging_mixin.py:149} INFO - Image image_162.jpg copied to /home/reynel1995/Thesis/host_1/hola_525/image_71.jpg
[2023-06-15T23:54:03.811+0200] {logging_mixin.py:149} INFO - Image image_163.jpg copied to /home/reynel1995/Thesis/host_1/hola_525/image_72.jpg
[2023-06-15T23:54:03.869+0200] {logging_mixin.py:149} INFO - Image image_164.jpg copied to /home/reynel1995/Thesis/host_1/hola_525/image_73.jpg
[2023-06-15T23:54:03.928+0200] {logging_mixin.py:149} INFO - Image image_165.jpg copied to /home/reynel1995/Thesis/host_1/hola_525/image_74.jpg
[2023-06-15T23:54:04.092+0200] {logging_mixin.py:149} INFO - Image image_166.jpg copied to /home/reynel1995/Thesis/host_1/hola_525/image_75.jpg
[2023-06-15T23:54:04.146+0200] {logging_mixin.py:149} INFO - Image image_167.jpg copied to /home/reynel1995/Thesis/host_1/hola_525/image_76.jpg
[2023-06-15T23:54:04.289+0200] {logging_mixin.py:149} INFO - Image image_168.jpg copied to /home/reynel1995/Thesis/host_1/hola_525/image_77.jpg
[2023-06-15T23:54:04.375+0200] {logging_mixin.py:149} INFO - Image image_169.jpg copied to /home/reynel1995/Thesis/host_1/hola_525/image_78.jpg
[2023-06-15T23:54:04.464+0200] {logging_mixin.py:149} INFO - Image image_17.jpg copied to /home/reynel1995/Thesis/host_1/hola_525/image_79.jpg
[2023-06-15T23:54:04.529+0200] {logging_mixin.py:149} INFO - Image image_170.jpg copied to /home/reynel1995/Thesis/host_1/hola_525/image_80.jpg
[2023-06-15T23:54:04.599+0200] {logging_mixin.py:149} INFO - Image image_171.jpg copied to /home/reynel1995/Thesis/host_1/hola_525/image_81.jpg
[2023-06-15T23:54:04.730+0200] {logging_mixin.py:149} INFO - Image image_172.jpg copied to /home/reynel1995/Thesis/host_1/hola_525/image_82.jpg
[2023-06-15T23:54:04.795+0200] {logging_mixin.py:149} INFO - Image image_173.jpg copied to /home/reynel1995/Thesis/host_1/hola_525/image_83.jpg
[2023-06-15T23:54:04.868+0200] {logging_mixin.py:149} INFO - Image image_174.jpg copied to /home/reynel1995/Thesis/host_1/hola_525/image_84.jpg
[2023-06-15T23:54:04.981+0200] {logging_mixin.py:149} INFO - Image image_175.jpg copied to /home/reynel1995/Thesis/host_1/hola_525/image_85.jpg
[2023-06-15T23:54:05.089+0200] {logging_mixin.py:149} INFO - Image image_176.jpg copied to /home/reynel1995/Thesis/host_1/hola_525/image_86.jpg
[2023-06-15T23:54:05.238+0200] {logging_mixin.py:149} INFO - Image image_177.jpg copied to /home/reynel1995/Thesis/host_1/hola_525/image_87.jpg
[2023-06-15T23:54:05.332+0200] {logging_mixin.py:149} INFO - Image image_178.jpg copied to /home/reynel1995/Thesis/host_1/hola_525/image_88.jpg
[2023-06-15T23:54:05.411+0200] {logging_mixin.py:149} INFO - Image image_179.jpg copied to /home/reynel1995/Thesis/host_1/hola_525/image_89.jpg
[2023-06-15T23:54:05.564+0200] {logging_mixin.py:149} INFO - Image image_18.jpg copied to /home/reynel1995/Thesis/host_1/hola_525/image_90.jpg
[2023-06-15T23:54:05.719+0200] {logging_mixin.py:149} INFO - Image image_19.jpg copied to /home/reynel1995/Thesis/host_1/hola_525/image_91.jpg
[2023-06-15T23:54:05.778+0200] {logging_mixin.py:149} INFO - Image image_2.jpg copied to /home/reynel1995/Thesis/host_1/hola_525/image_92.jpg
[2023-06-15T23:54:05.899+0200] {logging_mixin.py:149} INFO - Image image_20.jpg copied to /home/reynel1995/Thesis/host_1/hola_525/image_93.jpg
[2023-06-15T23:54:05.956+0200] {logging_mixin.py:149} INFO - Image image_21.jpg copied to /home/reynel1995/Thesis/host_1/hola_525/image_94.jpg
[2023-06-15T23:54:06.021+0200] {logging_mixin.py:149} INFO - Image image_22.jpg copied to /home/reynel1995/Thesis/host_1/hola_525/image_95.jpg
[2023-06-15T23:54:06.130+0200] {logging_mixin.py:149} INFO - Image image_23.jpg copied to /home/reynel1995/Thesis/host_1/hola_525/image_96.jpg
[2023-06-15T23:54:06.329+0200] {logging_mixin.py:149} INFO - Image image_24.jpg copied to /home/reynel1995/Thesis/host_1/hola_525/image_97.jpg
[2023-06-15T23:54:06.665+0200] {logging_mixin.py:149} INFO - Image image_25.jpg copied to /home/reynel1995/Thesis/host_1/hola_525/image_98.jpg
[2023-06-15T23:54:06.718+0200] {logging_mixin.py:149} INFO - Image image_26.jpg copied to /home/reynel1995/Thesis/host_1/hola_525/image_99.jpg
[2023-06-15T23:54:06.815+0200] {logging_mixin.py:149} INFO - Image image_27.jpg copied to /home/reynel1995/Thesis/host_1/hola_525/image_100.jpg
[2023-06-15T23:54:06.917+0200] {logging_mixin.py:149} INFO - Image image_28.jpg copied to /home/reynel1995/Thesis/host_1/hola_525/image_101.jpg
[2023-06-15T23:54:06.971+0200] {logging_mixin.py:149} INFO - Image image_29.jpg copied to /home/reynel1995/Thesis/host_1/hola_525/image_102.jpg
[2023-06-15T23:54:07.176+0200] {logging_mixin.py:149} INFO - Image image_3.jpg copied to /home/reynel1995/Thesis/host_1/hola_525/image_103.jpg
[2023-06-15T23:54:07.511+0200] {logging_mixin.py:149} INFO - Image image_30.jpg copied to /home/reynel1995/Thesis/host_1/hola_525/image_104.jpg
[2023-06-15T23:54:07.770+0200] {logging_mixin.py:149} INFO - Image image_31.jpg copied to /home/reynel1995/Thesis/host_1/hola_525/image_105.jpg
[2023-06-15T23:54:07.943+0200] {logging_mixin.py:149} INFO - Image image_32.jpg copied to /home/reynel1995/Thesis/host_1/hola_525/image_106.jpg
[2023-06-15T23:54:08.317+0200] {logging_mixin.py:149} INFO - Image image_33.jpg copied to /home/reynel1995/Thesis/host_1/hola_525/image_107.jpg
[2023-06-15T23:54:08.417+0200] {logging_mixin.py:149} INFO - Image image_34.jpg copied to /home/reynel1995/Thesis/host_1/hola_525/image_108.jpg
[2023-06-15T23:54:08.737+0200] {logging_mixin.py:149} INFO - Image image_35.jpg copied to /home/reynel1995/Thesis/host_1/hola_525/image_109.jpg
[2023-06-15T23:54:09.012+0200] {logging_mixin.py:149} INFO - Image image_36.jpg copied to /home/reynel1995/Thesis/host_1/hola_525/image_110.jpg
[2023-06-15T23:54:09.214+0200] {logging_mixin.py:149} INFO - Image image_37.jpg copied to /home/reynel1995/Thesis/host_1/hola_525/image_111.jpg
[2023-06-15T23:54:09.305+0200] {logging_mixin.py:149} INFO - Image image_38.jpg copied to /home/reynel1995/Thesis/host_1/hola_525/image_112.jpg
[2023-06-15T23:54:09.371+0200] {logging_mixin.py:149} INFO - Image image_39.jpg copied to /home/reynel1995/Thesis/host_1/hola_525/image_113.jpg
[2023-06-15T23:54:09.497+0200] {logging_mixin.py:149} INFO - Image image_4.jpg copied to /home/reynel1995/Thesis/host_1/hola_525/image_114.jpg
[2023-06-15T23:54:09.550+0200] {logging_mixin.py:149} INFO - Image image_40.jpg copied to /home/reynel1995/Thesis/host_1/hola_525/image_115.jpg
[2023-06-15T23:54:09.604+0200] {logging_mixin.py:149} INFO - Image image_41.jpg copied to /home/reynel1995/Thesis/host_1/hola_525/image_116.jpg
[2023-06-15T23:54:09.708+0200] {logging_mixin.py:149} INFO - Image image_42.jpg copied to /home/reynel1995/Thesis/host_1/hola_525/image_117.jpg
[2023-06-15T23:54:09.774+0200] {logging_mixin.py:149} INFO - Image image_43.jpg copied to /home/reynel1995/Thesis/host_1/hola_525/image_118.jpg
[2023-06-15T23:54:09.840+0200] {logging_mixin.py:149} INFO - Image image_44.jpg copied to /home/reynel1995/Thesis/host_1/hola_525/image_119.jpg
[2023-06-15T23:54:09.892+0200] {logging_mixin.py:149} INFO - Image image_45.jpg copied to /home/reynel1995/Thesis/host_1/hola_525/image_120.jpg
[2023-06-15T23:54:09.957+0200] {logging_mixin.py:149} INFO - Image image_46.jpg copied to /home/reynel1995/Thesis/host_1/hola_525/image_121.jpg
[2023-06-15T23:54:10.019+0200] {logging_mixin.py:149} INFO - Image image_47.jpg copied to /home/reynel1995/Thesis/host_1/hola_525/image_122.jpg
[2023-06-15T23:54:10.083+0200] {logging_mixin.py:149} INFO - Image image_48.jpg copied to /home/reynel1995/Thesis/host_1/hola_525/image_123.jpg
[2023-06-15T23:54:10.199+0200] {logging_mixin.py:149} INFO - Image image_49.jpg copied to /home/reynel1995/Thesis/host_1/hola_525/image_124.jpg
[2023-06-15T23:54:10.249+0200] {logging_mixin.py:149} INFO - Image image_5.jpg copied to /home/reynel1995/Thesis/host_1/hola_525/image_125.jpg
[2023-06-15T23:54:10.307+0200] {logging_mixin.py:149} INFO - Image image_50.jpg copied to /home/reynel1995/Thesis/host_1/hola_525/image_126.jpg
[2023-06-15T23:54:10.427+0200] {logging_mixin.py:149} INFO - Image image_51.jpg copied to /home/reynel1995/Thesis/host_1/hola_525/image_127.jpg
[2023-06-15T23:54:10.486+0200] {logging_mixin.py:149} INFO - Image image_52.jpg copied to /home/reynel1995/Thesis/host_1/hola_525/image_128.jpg
[2023-06-15T23:54:10.565+0200] {logging_mixin.py:149} INFO - Image image_53.jpg copied to /home/reynel1995/Thesis/host_1/hola_525/image_129.jpg
[2023-06-15T23:54:10.751+0200] {logging_mixin.py:149} INFO - Image image_54.jpg copied to /home/reynel1995/Thesis/host_1/hola_525/image_130.jpg
[2023-06-15T23:54:10.849+0200] {logging_mixin.py:149} INFO - Image image_55.jpg copied to /home/reynel1995/Thesis/host_1/hola_525/image_131.jpg
[2023-06-15T23:54:11.011+0200] {logging_mixin.py:149} INFO - Image image_56.jpg copied to /home/reynel1995/Thesis/host_1/hola_525/image_132.jpg
[2023-06-15T23:54:11.071+0200] {logging_mixin.py:149} INFO - Image image_57.jpg copied to /home/reynel1995/Thesis/host_1/hola_525/image_133.jpg
[2023-06-15T23:54:11.132+0200] {logging_mixin.py:149} INFO - Image image_58.jpg copied to /home/reynel1995/Thesis/host_1/hola_525/image_134.jpg
[2023-06-15T23:54:11.228+0200] {logging_mixin.py:149} INFO - Image image_59.jpg copied to /home/reynel1995/Thesis/host_1/hola_525/image_135.jpg
[2023-06-15T23:54:11.294+0200] {logging_mixin.py:149} INFO - Image image_6.jpg copied to /home/reynel1995/Thesis/host_1/hola_525/image_136.jpg
[2023-06-15T23:54:11.362+0200] {logging_mixin.py:149} INFO - Image image_60.jpg copied to /home/reynel1995/Thesis/host_1/hola_525/image_137.jpg
[2023-06-15T23:54:11.423+0200] {logging_mixin.py:149} INFO - Image image_61.jpg copied to /home/reynel1995/Thesis/host_1/hola_525/image_138.jpg
[2023-06-15T23:54:11.476+0200] {logging_mixin.py:149} INFO - Image image_62.jpg copied to /home/reynel1995/Thesis/host_1/hola_525/image_139.jpg
[2023-06-15T23:54:11.534+0200] {logging_mixin.py:149} INFO - Image image_63.jpg copied to /home/reynel1995/Thesis/host_1/hola_525/image_140.jpg
[2023-06-15T23:54:11.594+0200] {logging_mixin.py:149} INFO - Image image_64.jpg copied to /home/reynel1995/Thesis/host_1/hola_525/image_141.jpg
[2023-06-15T23:54:11.647+0200] {logging_mixin.py:149} INFO - Image image_65.jpg copied to /home/reynel1995/Thesis/host_1/hola_525/image_142.jpg
[2023-06-15T23:54:11.715+0200] {logging_mixin.py:149} INFO - Image image_66.jpg copied to /home/reynel1995/Thesis/host_1/hola_525/image_143.jpg
[2023-06-15T23:54:11.902+0200] {logging_mixin.py:149} INFO - Image image_67.jpg copied to /home/reynel1995/Thesis/host_1/hola_525/image_144.jpg
[2023-06-15T23:54:11.966+0200] {logging_mixin.py:149} INFO - Image image_68.jpg copied to /home/reynel1995/Thesis/host_1/hola_525/image_145.jpg
[2023-06-15T23:54:12.105+0200] {logging_mixin.py:149} INFO - Image image_69.jpg copied to /home/reynel1995/Thesis/host_1/hola_525/image_146.jpg
[2023-06-15T23:54:12.188+0200] {logging_mixin.py:149} INFO - Image image_7.jpg copied to /home/reynel1995/Thesis/host_1/hola_525/image_147.jpg
[2023-06-15T23:54:12.374+0200] {logging_mixin.py:149} INFO - Image image_70.jpg copied to /home/reynel1995/Thesis/host_1/hola_525/image_148.jpg
[2023-06-15T23:54:12.433+0200] {logging_mixin.py:149} INFO - Image image_71.jpg copied to /home/reynel1995/Thesis/host_1/hola_525/image_149.jpg
[2023-06-15T23:54:12.486+0200] {logging_mixin.py:149} INFO - Image image_72.jpg copied to /home/reynel1995/Thesis/host_1/hola_525/image_150.jpg
[2023-06-15T23:54:12.540+0200] {logging_mixin.py:149} INFO - Image image_73.jpg copied to /home/reynel1995/Thesis/host_1/hola_525/image_151.jpg
[2023-06-15T23:54:12.649+0200] {logging_mixin.py:149} INFO - Image image_74.jpg copied to /home/reynel1995/Thesis/host_1/hola_525/image_152.jpg
[2023-06-15T23:54:12.703+0200] {logging_mixin.py:149} INFO - Image image_75.jpg copied to /home/reynel1995/Thesis/host_1/hola_525/image_153.jpg
[2023-06-15T23:54:12.754+0200] {logging_mixin.py:149} INFO - Image image_76.jpg copied to /home/reynel1995/Thesis/host_1/hola_525/image_154.jpg
[2023-06-15T23:54:12.812+0200] {logging_mixin.py:149} INFO - Image image_77.jpg copied to /home/reynel1995/Thesis/host_1/hola_525/image_155.jpg
[2023-06-15T23:54:12.878+0200] {logging_mixin.py:149} INFO - Image image_78.jpg copied to /home/reynel1995/Thesis/host_1/hola_525/image_156.jpg
[2023-06-15T23:54:12.933+0200] {logging_mixin.py:149} INFO - Image image_79.jpg copied to /home/reynel1995/Thesis/host_1/hola_525/image_157.jpg
[2023-06-15T23:54:12.986+0200] {logging_mixin.py:149} INFO - Image image_8.jpg copied to /home/reynel1995/Thesis/host_1/hola_525/image_158.jpg
[2023-06-15T23:54:13.041+0200] {logging_mixin.py:149} INFO - Image image_80.jpg copied to /home/reynel1995/Thesis/host_1/hola_525/image_159.jpg
[2023-06-15T23:54:13.094+0200] {logging_mixin.py:149} INFO - Image image_81.jpg copied to /home/reynel1995/Thesis/host_1/hola_525/image_160.jpg
[2023-06-15T23:54:13.150+0200] {logging_mixin.py:149} INFO - Image image_82.jpg copied to /home/reynel1995/Thesis/host_1/hola_525/image_161.jpg
[2023-06-15T23:54:13.240+0200] {logging_mixin.py:149} INFO - Image image_83.jpg copied to /home/reynel1995/Thesis/host_1/hola_525/image_162.jpg
[2023-06-15T23:54:13.327+0200] {logging_mixin.py:149} INFO - Image image_84.jpg copied to /home/reynel1995/Thesis/host_1/hola_525/image_163.jpg
[2023-06-15T23:54:13.384+0200] {logging_mixin.py:149} INFO - Image image_85.jpg copied to /home/reynel1995/Thesis/host_1/hola_525/image_164.jpg
[2023-06-15T23:54:13.529+0200] {logging_mixin.py:149} INFO - Image image_86.jpg copied to /home/reynel1995/Thesis/host_1/hola_525/image_165.jpg
[2023-06-15T23:54:13.580+0200] {logging_mixin.py:149} INFO - Image image_87.jpg copied to /home/reynel1995/Thesis/host_1/hola_525/image_166.jpg
[2023-06-15T23:54:13.633+0200] {logging_mixin.py:149} INFO - Image image_88.jpg copied to /home/reynel1995/Thesis/host_1/hola_525/image_167.jpg
[2023-06-15T23:54:13.686+0200] {logging_mixin.py:149} INFO - Image image_89.jpg copied to /home/reynel1995/Thesis/host_1/hola_525/image_168.jpg
[2023-06-15T23:54:13.748+0200] {logging_mixin.py:149} INFO - Image image_9.jpg copied to /home/reynel1995/Thesis/host_1/hola_525/image_169.jpg
[2023-06-15T23:54:13.802+0200] {logging_mixin.py:149} INFO - Image image_90.jpg copied to /home/reynel1995/Thesis/host_1/hola_525/image_170.jpg
[2023-06-15T23:54:13.854+0200] {logging_mixin.py:149} INFO - Image image_91.jpg copied to /home/reynel1995/Thesis/host_1/hola_525/image_171.jpg
[2023-06-15T23:54:13.911+0200] {logging_mixin.py:149} INFO - Image image_92.jpg copied to /home/reynel1995/Thesis/host_1/hola_525/image_172.jpg
[2023-06-15T23:54:13.965+0200] {logging_mixin.py:149} INFO - Image image_93.jpg copied to /home/reynel1995/Thesis/host_1/hola_525/image_173.jpg
[2023-06-15T23:54:14.021+0200] {logging_mixin.py:149} INFO - Image image_94.jpg copied to /home/reynel1995/Thesis/host_1/hola_525/image_174.jpg
[2023-06-15T23:54:14.082+0200] {logging_mixin.py:149} INFO - Image image_95.jpg copied to /home/reynel1995/Thesis/host_1/hola_525/image_175.jpg
[2023-06-15T23:54:14.144+0200] {logging_mixin.py:149} INFO - Image image_96.jpg copied to /home/reynel1995/Thesis/host_1/hola_525/image_176.jpg
[2023-06-15T23:54:14.200+0200] {logging_mixin.py:149} INFO - Image image_97.jpg copied to /home/reynel1995/Thesis/host_1/hola_525/image_177.jpg
[2023-06-15T23:54:14.254+0200] {logging_mixin.py:149} INFO - Image image_98.jpg copied to /home/reynel1995/Thesis/host_1/hola_525/image_178.jpg
[2023-06-15T23:54:14.314+0200] {logging_mixin.py:149} INFO - Image image_99.jpg copied to /home/reynel1995/Thesis/host_1/hola_525/image_179.jpg
[2023-06-15T23:54:14.314+0200] {logging_mixin.py:149} INFO - Results saved to directory /home/reynel1995/Thesis/host_1
[2023-06-15T23:54:14.316+0200] {logging_mixin.py:149} INFO - new participant antes de registrar ['hola_525']
[2023-06-15T23:54:14.316+0200] {logging_mixin.py:149} INFO - new participant antes de registrar <class 'list'>
[2023-06-15T23:54:14.320+0200] {logging_mixin.py:149} INFO - Processing completed.
[2023-06-15T23:54:14.320+0200] {python.py:183} INFO - Done. Returned value was: None
[2023-06-15T23:54:14.329+0200] {taskinstance.py:1345} INFO - Marking task as SUCCESS. dag_id=ejecutar_python, task_id=check_participants, execution_date=20230615T144707, start_date=20230615T215224, end_date=20230615T215414
[2023-06-15T23:54:14.388+0200] {local_task_job_runner.py:225} INFO - Task exited with return code 0
[2023-06-15T23:54:14.591+0200] {taskinstance.py:2651} INFO - 0 downstream tasks scheduled from follow-on schedule check
