[2023-06-16T05:52:48.952+0200] {taskinstance.py:1103} INFO - Dependencies all met for dep_context=non-requeueable deps ti=<TaskInstance: ejecutar_python.check_participants manual__2023-06-15T14:47:07.980597+00:00 [queued]>
[2023-06-16T05:52:48.959+0200] {taskinstance.py:1103} INFO - Dependencies all met for dep_context=requeueable deps ti=<TaskInstance: ejecutar_python.check_participants manual__2023-06-15T14:47:07.980597+00:00 [queued]>
[2023-06-16T05:52:48.960+0200] {taskinstance.py:1308} INFO - Starting attempt 24 of 24
[2023-06-16T05:52:49.014+0200] {taskinstance.py:1327} INFO - Executing <Task(PythonOperator): check_participants> on 2023-06-15 14:47:07.980597+00:00
[2023-06-16T05:52:49.018+0200] {standard_task_runner.py:57} INFO - Started process 243205 to run task
[2023-06-16T05:52:49.022+0200] {standard_task_runner.py:84} INFO - Running: ['airflow', 'tasks', 'run', 'ejecutar_python', 'check_participants', 'manual__2023-06-15T14:47:07.980597+00:00', '--job-id', '68', '--raw', '--subdir', 'DAGS_FOLDER/thesis_container.py', '--cfg-path', '/tmp/tmpws9o_i_j']
[2023-06-16T05:52:49.023+0200] {standard_task_runner.py:85} INFO - Job 68: Subtask check_participants
[2023-06-16T05:52:49.116+0200] {task_command.py:410} INFO - Running <TaskInstance: ejecutar_python.check_participants manual__2023-06-15T14:47:07.980597+00:00 [running]> on host DESKTOP-3KJU1M7.
[2023-06-16T05:52:49.202+0200] {taskinstance.py:1545} INFO - Exporting env vars: AIRFLOW_CTX_DAG_OWNER='airflow' AIRFLOW_CTX_DAG_ID='ejecutar_python' AIRFLOW_CTX_TASK_ID='check_participants' AIRFLOW_CTX_EXECUTION_DATE='2023-06-15T14:47:07.980597+00:00' AIRFLOW_CTX_TRY_NUMBER='24' AIRFLOW_CTX_DAG_RUN_ID='manual__2023-06-15T14:47:07.980597+00:00'
[2023-06-16T05:52:49.203+0200] {logging_mixin.py:149} INFO - ['hola_525']
[2023-06-16T05:52:49.203+0200] {logging_mixin.py:149} INFO - ['']
[2023-06-16T05:52:49.203+0200] {logging_mixin.py:149} INFO - ['hola_525']
[2023-06-16T05:52:49.204+0200] {logging_mixin.py:149} INFO - New participants found. Creating containers...
[2023-06-16T05:52:49.204+0200] {logging_mixin.py:149} INFO - 0
[2023-06-16T05:52:49.204+0200] {logging_mixin.py:149} INFO - <class 'int'>
[2023-06-16T05:52:49.204+0200] {logging_mixin.py:149} INFO - ['hola_525']
[2023-06-16T05:52:49.204+0200] {logging_mixin.py:149} INFO - prueba de lista ['hola_525']
[2023-06-16T05:52:49.204+0200] {logging_mixin.py:149} INFO - ['/home/reynel1995/Thesis/host_2/1_6-6.mrxs']
[2023-06-16T05:52:49.204+0200] {logging_mixin.py:149} INFO - container solito hola_525
[2023-06-16T05:52:49.204+0200] {logging_mixin.py:149} INFO - /home/reynel1995/Thesis/host_2/1_6-6.mrxs
[2023-06-16T05:52:49.205+0200] {logging_mixin.py:149} INFO - /home/reynel1995/Thesis/host_2/1_6-6.mrxs
[2023-06-16T05:52:49.205+0200] {logging_mixin.py:149} INFO - /home/reynel1995/Thesis/host_2
[2023-06-16T05:52:49.205+0200] {logging_mixin.py:149} INFO - nuevo /home/reynel1995/Thesis/hola_525
[2023-06-16T05:52:49.205+0200] {logging_mixin.py:149} INFO - ['/home/reynel1995/Thesis/hola_525', '', '/home/reynel1995/Thesis/hola_525', '/home/reynel1995/Thesis/hola_525', '/home/reynel1995/Thesis/hola_525', '/home/reynel1995/Thesis/hola_525', '/home/reynel1995/Thesis/hola_525', '/home/reynel1995/Thesis/hola_525', '/home/reynel1995/Thesis/hola_525', '/home/reynel1995/Thesis/hola_525', '/home/reynel1995/Thesis/hola_525', '/home/reynel1995/Thesis/hola_525', '/home/reynel1995/Thesis/hola_525', '/home/reynel1995/Thesis/hola_525', '/home/reynel1995/Thesis/hola_525']
[2023-06-16T05:52:53.055+0200] {logging_mixin.py:149} INFO - Container hola_525 image built successfully.
[2023-06-16T05:52:53.181+0200] {taskinstance.py:1824} ERROR - Task failed with exception
Traceback (most recent call last):
  File "/home/reynel1995/thesis/lib/python3.10/site-packages/airflow/operators/python.py", line 181, in execute
    return_value = self.execute_callable()
  File "/home/reynel1995/thesis/lib/python3.10/site-packages/airflow/operators/python.py", line 198, in execute_callable
    return self.python_callable(*self.op_args, **self.op_kwargs)
  File "/home/reynel1995/airflow/dags/thesis_container.py", line 327, in check_participants
    build_and_run_containers(index)
  File "/home/reynel1995/airflow/dags/thesis_container.py", line 144, in build_and_run_containers
    subprocess.run(run_command, shell=True, check=True)
  File "/usr/lib/python3.10/subprocess.py", line 524, in run
    raise CalledProcessError(retcode, process.args,
subprocess.CalledProcessError: Command 'docker run -d --name hola_525 hola_525' returned non-zero exit status 125.
[2023-06-16T05:52:53.190+0200] {taskinstance.py:1345} INFO - Marking task as FAILED. dag_id=ejecutar_python, task_id=check_participants, execution_date=20230615T144707, start_date=20230616T035248, end_date=20230616T035253
[2023-06-16T05:52:53.248+0200] {standard_task_runner.py:104} ERROR - Failed to execute job 68 for task check_participants (Command 'docker run -d --name hola_525 hola_525' returned non-zero exit status 125.; 243205)
[2023-06-16T05:52:53.258+0200] {local_task_job_runner.py:225} INFO - Task exited with return code 1
[2023-06-16T05:52:53.291+0200] {taskinstance.py:2651} INFO - 0 downstream tasks scheduled from follow-on schedule check
