[2023-06-16T07:34:05.835+0200] {taskinstance.py:1103} INFO - Dependencies all met for dep_context=non-requeueable deps ti=<TaskInstance: ejecutar_python.check_participants manual__2023-06-15T14:47:07.980597+00:00 [queued]>
[2023-06-16T07:34:05.845+0200] {taskinstance.py:1103} INFO - Dependencies all met for dep_context=requeueable deps ti=<TaskInstance: ejecutar_python.check_participants manual__2023-06-15T14:47:07.980597+00:00 [queued]>
[2023-06-16T07:34:05.845+0200] {taskinstance.py:1308} INFO - Starting attempt 38 of 39
[2023-06-16T07:34:05.898+0200] {taskinstance.py:1327} INFO - Executing <Task(PythonOperator): check_participants> on 2023-06-15 14:47:07.980597+00:00
[2023-06-16T07:34:05.905+0200] {standard_task_runner.py:57} INFO - Started process 278283 to run task
[2023-06-16T07:34:05.910+0200] {standard_task_runner.py:84} INFO - Running: ['airflow', 'tasks', 'run', 'ejecutar_python', 'check_participants', 'manual__2023-06-15T14:47:07.980597+00:00', '--job-id', '82', '--raw', '--subdir', 'DAGS_FOLDER/thesis_container.py', '--cfg-path', '/tmp/tmprx90y0ao']
[2023-06-16T07:34:05.912+0200] {standard_task_runner.py:85} INFO - Job 82: Subtask check_participants
[2023-06-16T07:34:06.098+0200] {task_command.py:410} INFO - Running <TaskInstance: ejecutar_python.check_participants manual__2023-06-15T14:47:07.980597+00:00 [running]> on host DESKTOP-3KJU1M7.
[2023-06-16T07:34:06.330+0200] {taskinstance.py:1545} INFO - Exporting env vars: AIRFLOW_CTX_DAG_OWNER='airflow' AIRFLOW_CTX_DAG_ID='ejecutar_python' AIRFLOW_CTX_TASK_ID='check_participants' AIRFLOW_CTX_EXECUTION_DATE='2023-06-15T14:47:07.980597+00:00' AIRFLOW_CTX_TRY_NUMBER='38' AIRFLOW_CTX_DAG_RUN_ID='manual__2023-06-15T14:47:07.980597+00:00'
[2023-06-16T07:34:06.332+0200] {logging_mixin.py:149} INFO - ['hola_525']
[2023-06-16T07:34:06.332+0200] {logging_mixin.py:149} INFO - []
[2023-06-16T07:34:06.332+0200] {logging_mixin.py:149} INFO - ['hola_525']
[2023-06-16T07:34:06.332+0200] {logging_mixin.py:149} INFO - New participants found. Creating containers...
[2023-06-16T07:34:06.332+0200] {logging_mixin.py:149} INFO - 0
[2023-06-16T07:34:06.332+0200] {logging_mixin.py:149} INFO - <class 'int'>
[2023-06-16T07:34:06.333+0200] {logging_mixin.py:149} INFO - ['hola_525']
[2023-06-16T07:34:06.333+0200] {logging_mixin.py:149} INFO - prueba de lista ['hola_525']
[2023-06-16T07:34:06.333+0200] {logging_mixin.py:149} INFO - ['/home/reynel1995/Thesis/host_2/1_6-6.mrxs']
[2023-06-16T07:34:06.333+0200] {logging_mixin.py:149} INFO - container solito hola_525
[2023-06-16T07:34:06.333+0200] {logging_mixin.py:149} INFO - /home/reynel1995/Thesis/host_2/1_6-6.mrxs
[2023-06-16T07:34:06.333+0200] {logging_mixin.py:149} INFO - /home/reynel1995/Thesis/host_2/1_6-6.mrxs
[2023-06-16T07:34:06.333+0200] {logging_mixin.py:149} INFO - /home/reynel1995/Thesis/host_2
[2023-06-16T07:34:06.333+0200] {logging_mixin.py:149} INFO - nuevo /home/reynel1995/Thesis/hola_525
[2023-06-16T07:34:06.334+0200] {logging_mixin.py:149} INFO - ['/home/reynel1995/Thesis/hola_525', '', '/home/reynel1995/Thesis/hola_525', '/home/reynel1995/Thesis/hola_525', '/home/reynel1995/Thesis/hola_525', '/home/reynel1995/Thesis/hola_525', '/home/reynel1995/Thesis/hola_525']
[2023-06-16T07:34:08.127+0200] {logging_mixin.py:149} INFO - Container hola_525 image built successfully.
[2023-06-16T07:34:11.862+0200] {logging_mixin.py:149} INFO - Container hola_525 started.
[2023-06-16T07:34:11.862+0200] {logging_mixin.py:149} INFO - copy files function ['/home/reynel1995/Thesis/hola_525', '', '/home/reynel1995/Thesis/hola_525', '/home/reynel1995/Thesis/hola_525', '/home/reynel1995/Thesis/hola_525', '/home/reynel1995/Thesis/hola_525', '/home/reynel1995/Thesis/hola_525']
[2023-06-16T07:34:11.862+0200] {logging_mixin.py:149} INFO - hola_525
[2023-06-16T07:34:12.008+0200] {logging_mixin.py:149} INFO - File /home/reynel1995/Thesis/host_1/Image_analysis.py copied to container hola_525 volume.
[2023-06-16T07:34:12.910+0200] {logging_mixin.py:149} INFO - Command 'python /app/Image_analysis.py' executed in container hola_525.
[2023-06-16T07:34:13.002+0200] {logging_mixin.py:149} INFO - Images copied to /home/reynel1995/Thesis/host_1/hola_525
[2023-06-16T07:34:13.002+0200] {logging_mixin.py:149} INFO - Results saved to directory /home/reynel1995/Thesis/host_1
[2023-06-16T07:34:13.003+0200] {logging_mixin.py:149} INFO - new participant antes de registrar ['hola_525']
[2023-06-16T07:34:13.003+0200] {logging_mixin.py:149} INFO - new participant antes de registrar <class 'list'>
[2023-06-16T07:34:13.003+0200] {logging_mixin.py:149} INFO - Processing completed.
[2023-06-16T07:34:13.003+0200] {python.py:183} INFO - Done. Returned value was: None
[2023-06-16T07:34:13.010+0200] {taskinstance.py:1345} INFO - Marking task as SUCCESS. dag_id=ejecutar_python, task_id=check_participants, execution_date=20230615T144707, start_date=20230616T053405, end_date=20230616T053413
[2023-06-16T07:34:13.072+0200] {local_task_job_runner.py:225} INFO - Task exited with return code 0
[2023-06-16T07:34:13.107+0200] {taskinstance.py:2651} INFO - 0 downstream tasks scheduled from follow-on schedule check
