[2023-06-15T23:07:13.626+0200] {taskinstance.py:1103} INFO - Dependencies all met for dep_context=non-requeueable deps ti=<TaskInstance: ejecutar_python.check_participants manual__2023-06-15T14:47:07.980597+00:00 [queued]>
[2023-06-15T23:07:13.636+0200] {taskinstance.py:1103} INFO - Dependencies all met for dep_context=requeueable deps ti=<TaskInstance: ejecutar_python.check_participants manual__2023-06-15T14:47:07.980597+00:00 [queued]>
[2023-06-15T23:07:13.636+0200] {taskinstance.py:1308} INFO - Starting attempt 10 of 11
[2023-06-15T23:07:13.651+0200] {taskinstance.py:1327} INFO - Executing <Task(PythonOperator): check_participants> on 2023-06-15 14:47:07.980597+00:00
[2023-06-15T23:07:13.655+0200] {standard_task_runner.py:57} INFO - Started process 122107 to run task
[2023-06-15T23:07:13.658+0200] {standard_task_runner.py:84} INFO - Running: ['airflow', 'tasks', 'run', 'ejecutar_python', 'check_participants', 'manual__2023-06-15T14:47:07.980597+00:00', '--job-id', '54', '--raw', '--subdir', 'DAGS_FOLDER/thesis_container.py', '--cfg-path', '/tmp/tmpksn3t0ce']
[2023-06-15T23:07:13.660+0200] {standard_task_runner.py:85} INFO - Job 54: Subtask check_participants
[2023-06-15T23:07:13.706+0200] {task_command.py:410} INFO - Running <TaskInstance: ejecutar_python.check_participants manual__2023-06-15T14:47:07.980597+00:00 [running]> on host DESKTOP-3KJU1M7.
[2023-06-15T23:07:13.770+0200] {taskinstance.py:1545} INFO - Exporting env vars: AIRFLOW_CTX_DAG_OWNER='airflow' AIRFLOW_CTX_DAG_ID='ejecutar_python' AIRFLOW_CTX_TASK_ID='check_participants' AIRFLOW_CTX_EXECUTION_DATE='2023-06-15T14:47:07.980597+00:00' AIRFLOW_CTX_TRY_NUMBER='10' AIRFLOW_CTX_DAG_RUN_ID='manual__2023-06-15T14:47:07.980597+00:00'
[2023-06-15T23:07:13.772+0200] {logging_mixin.py:149} INFO - ['hola_525']
[2023-06-15T23:07:13.772+0200] {logging_mixin.py:149} INFO - ['']
[2023-06-15T23:07:13.772+0200] {logging_mixin.py:149} INFO - ['hola_525']
[2023-06-15T23:07:13.772+0200] {logging_mixin.py:149} INFO - New participants found. Creating containers...
[2023-06-15T23:07:13.772+0200] {logging_mixin.py:149} INFO - 0
[2023-06-15T23:07:13.773+0200] {logging_mixin.py:149} INFO - <class 'int'>
[2023-06-15T23:07:13.773+0200] {logging_mixin.py:149} INFO - ['hola_525']
[2023-06-15T23:07:13.773+0200] {logging_mixin.py:149} INFO - prueba de lista ['hola_525']
[2023-06-15T23:07:13.773+0200] {logging_mixin.py:149} INFO - ['/home/reynel1995/Thesis/host_2/1_6-6.mrxs']
[2023-06-15T23:07:13.773+0200] {logging_mixin.py:149} INFO - container solito hola_525
[2023-06-15T23:07:13.773+0200] {logging_mixin.py:149} INFO - /home/reynel1995/Thesis/host_2/1_6-6.mrxs
[2023-06-15T23:07:13.773+0200] {logging_mixin.py:149} INFO - /home/reynel1995/Thesis/host_2/1_6-6.mrxs
[2023-06-15T23:07:13.773+0200] {logging_mixin.py:149} INFO - /home/reynel1995/Thesis/host_2
[2023-06-15T23:07:13.773+0200] {logging_mixin.py:149} INFO - nuevo /home/reynel1995/Thesis/hola_525
[2023-06-15T23:07:13.774+0200] {logging_mixin.py:149} INFO - ['/home/reynel1995/Thesis/hola_525', '', '/home/reynel1995/Thesis/hola_525', '/home/reynel1995/Thesis/hola_525', '/home/reynel1995/Thesis/hola_525', '/home/reynel1995/Thesis/hola_525', '/home/reynel1995/Thesis/hola_525', '/home/reynel1995/Thesis/hola_525', '/home/reynel1995/Thesis/hola_525', '/home/reynel1995/Thesis/hola_525', '/home/reynel1995/Thesis/hola_525', '/home/reynel1995/Thesis/hola_525', '/home/reynel1995/Thesis/hola_525', '/home/reynel1995/Thesis/hola_525', '/home/reynel1995/Thesis/hola_525', '/home/reynel1995/Thesis/hola_525', '/home/reynel1995/Thesis/hola_525', '/home/reynel1995/Thesis/hola_525', '/home/reynel1995/Thesis/hola_525', '/home/reynel1995/Thesis/hola_525', '/home/reynel1995/Thesis/hola_525', '/home/reynel1995/Thesis/hola_525']
[2023-06-15T23:07:14.291+0200] {logging_mixin.py:149} INFO - Container hola_525 image built successfully.
[2023-06-15T23:07:14.921+0200] {logging_mixin.py:149} INFO - Container hola_525 started.
[2023-06-15T23:07:14.922+0200] {logging_mixin.py:149} INFO - copy files function ['/home/reynel1995/Thesis/hola_525', '', '/home/reynel1995/Thesis/hola_525', '/home/reynel1995/Thesis/hola_525', '/home/reynel1995/Thesis/hola_525', '/home/reynel1995/Thesis/hola_525', '/home/reynel1995/Thesis/hola_525', '/home/reynel1995/Thesis/hola_525', '/home/reynel1995/Thesis/hola_525', '/home/reynel1995/Thesis/hola_525', '/home/reynel1995/Thesis/hola_525', '/home/reynel1995/Thesis/hola_525', '/home/reynel1995/Thesis/hola_525', '/home/reynel1995/Thesis/hola_525', '/home/reynel1995/Thesis/hola_525', '/home/reynel1995/Thesis/hola_525', '/home/reynel1995/Thesis/hola_525', '/home/reynel1995/Thesis/hola_525', '/home/reynel1995/Thesis/hola_525', '/home/reynel1995/Thesis/hola_525', '/home/reynel1995/Thesis/hola_525', '/home/reynel1995/Thesis/hola_525']
[2023-06-15T23:07:14.922+0200] {logging_mixin.py:149} INFO - hola_525
[2023-06-15T23:07:15.101+0200] {logging_mixin.py:149} INFO - File /home/reynel1995/Thesis/host_1/Image_analysis.py copied to container hola_525 volume.
[2023-06-15T23:08:26.876+0200] {python.py:183} INFO - Done. Returned value was: None
[2023-06-15T23:08:26.882+0200] {taskinstance.py:1345} INFO - Marking task as SUCCESS. dag_id=ejecutar_python, task_id=check_participants, execution_date=20230615T144707, start_date=20230615T210713, end_date=20230615T210826
[2023-06-15T23:08:26.938+0200] {local_task_job_runner.py:225} INFO - Task exited with return code 0
[2023-06-15T23:08:26.976+0200] {taskinstance.py:2651} INFO - 0 downstream tasks scheduled from follow-on schedule check
