[2023-06-16T07:36:16.113+0200] {taskinstance.py:1103} INFO - Dependencies all met for dep_context=non-requeueable deps ti=<TaskInstance: ejecutar_python.check_participants manual__2023-06-15T14:47:07.980597+00:00 [queued]>
[2023-06-16T07:36:16.123+0200] {taskinstance.py:1103} INFO - Dependencies all met for dep_context=requeueable deps ti=<TaskInstance: ejecutar_python.check_participants manual__2023-06-15T14:47:07.980597+00:00 [queued]>
[2023-06-16T07:36:16.124+0200] {taskinstance.py:1308} INFO - Starting attempt 39 of 40
[2023-06-16T07:36:16.145+0200] {taskinstance.py:1327} INFO - Executing <Task(PythonOperator): check_participants> on 2023-06-15 14:47:07.980597+00:00
[2023-06-16T07:36:16.153+0200] {standard_task_runner.py:57} INFO - Started process 279352 to run task
[2023-06-16T07:36:16.157+0200] {standard_task_runner.py:84} INFO - Running: ['airflow', 'tasks', 'run', 'ejecutar_python', 'check_participants', 'manual__2023-06-15T14:47:07.980597+00:00', '--job-id', '83', '--raw', '--subdir', 'DAGS_FOLDER/thesis_container.py', '--cfg-path', '/tmp/tmplps10zcf']
[2023-06-16T07:36:16.159+0200] {standard_task_runner.py:85} INFO - Job 83: Subtask check_participants
[2023-06-16T07:36:16.217+0200] {task_command.py:410} INFO - Running <TaskInstance: ejecutar_python.check_participants manual__2023-06-15T14:47:07.980597+00:00 [running]> on host DESKTOP-3KJU1M7.
[2023-06-16T07:36:16.291+0200] {taskinstance.py:1545} INFO - Exporting env vars: AIRFLOW_CTX_DAG_OWNER='airflow' AIRFLOW_CTX_DAG_ID='ejecutar_python' AIRFLOW_CTX_TASK_ID='check_participants' AIRFLOW_CTX_EXECUTION_DATE='2023-06-15T14:47:07.980597+00:00' AIRFLOW_CTX_TRY_NUMBER='39' AIRFLOW_CTX_DAG_RUN_ID='manual__2023-06-15T14:47:07.980597+00:00'
[2023-06-16T07:36:16.293+0200] {logging_mixin.py:149} INFO - ['hola_525']
[2023-06-16T07:36:16.294+0200] {logging_mixin.py:149} INFO - []
[2023-06-16T07:36:16.294+0200] {logging_mixin.py:149} INFO - ['hola_525']
[2023-06-16T07:36:16.294+0200] {logging_mixin.py:149} INFO - New participants found. Creating containers...
[2023-06-16T07:36:16.294+0200] {logging_mixin.py:149} INFO - 0
[2023-06-16T07:36:16.294+0200] {logging_mixin.py:149} INFO - <class 'int'>
[2023-06-16T07:36:16.294+0200] {logging_mixin.py:149} INFO - ['hola_525']
[2023-06-16T07:36:16.294+0200] {logging_mixin.py:149} INFO - prueba de lista ['hola_525']
[2023-06-16T07:36:16.294+0200] {logging_mixin.py:149} INFO - ['/home/reynel1995/Thesis/host_2/1_6-6.mrxs']
[2023-06-16T07:36:16.295+0200] {logging_mixin.py:149} INFO - container solito hola_525
[2023-06-16T07:36:16.295+0200] {logging_mixin.py:149} INFO - /home/reynel1995/Thesis/host_2/1_6-6.mrxs
[2023-06-16T07:36:16.295+0200] {logging_mixin.py:149} INFO - /home/reynel1995/Thesis/host_2/1_6-6.mrxs
[2023-06-16T07:36:16.295+0200] {logging_mixin.py:149} INFO - /home/reynel1995/Thesis/host_2
[2023-06-16T07:36:16.295+0200] {logging_mixin.py:149} INFO - nuevo /home/reynel1995/Thesis/hola_525
[2023-06-16T07:36:16.295+0200] {logging_mixin.py:149} INFO - ['/home/reynel1995/Thesis/hola_525', '', '/home/reynel1995/Thesis/hola_525', '/home/reynel1995/Thesis/hola_525', '/home/reynel1995/Thesis/hola_525', '/home/reynel1995/Thesis/hola_525', '/home/reynel1995/Thesis/hola_525', '/home/reynel1995/Thesis/hola_525']
[2023-06-16T07:36:16.867+0200] {logging_mixin.py:149} INFO - Container hola_525 image built successfully.
[2023-06-16T07:36:17.603+0200] {logging_mixin.py:149} INFO - Container hola_525 started.
[2023-06-16T07:36:17.603+0200] {logging_mixin.py:149} INFO - copy files function ['/home/reynel1995/Thesis/hola_525', '', '/home/reynel1995/Thesis/hola_525', '/home/reynel1995/Thesis/hola_525', '/home/reynel1995/Thesis/hola_525', '/home/reynel1995/Thesis/hola_525', '/home/reynel1995/Thesis/hola_525', '/home/reynel1995/Thesis/hola_525']
[2023-06-16T07:36:17.603+0200] {logging_mixin.py:149} INFO - hola_525
[2023-06-16T07:36:17.762+0200] {logging_mixin.py:149} INFO - File /home/reynel1995/Thesis/host_1/Image_analysis.py copied to container hola_525 volume.
[2023-06-16T07:37:59.227+0200] {logging_mixin.py:149} INFO - Command 'python /app/Image_analysis.py' executed in container hola_525.
[2023-06-16T07:38:00.232+0200] {logging_mixin.py:149} INFO - Images copied to /home/reynel1995/Thesis/host_1/hola_525
[2023-06-16T07:38:00.232+0200] {logging_mixin.py:149} INFO - Results saved to directory /home/reynel1995/Thesis/host_1
[2023-06-16T07:38:00.233+0200] {logging_mixin.py:149} INFO - new participant antes de registrar ['hola_525']
[2023-06-16T07:38:00.233+0200] {logging_mixin.py:149} INFO - new participant antes de registrar <class 'list'>
[2023-06-16T07:38:00.233+0200] {logging_mixin.py:149} INFO - Processing completed.
[2023-06-16T07:38:00.233+0200] {python.py:183} INFO - Done. Returned value was: None
[2023-06-16T07:38:00.246+0200] {taskinstance.py:1345} INFO - Marking task as SUCCESS. dag_id=ejecutar_python, task_id=check_participants, execution_date=20230615T144707, start_date=20230616T053616, end_date=20230616T053800
[2023-06-16T07:38:00.280+0200] {local_task_job_runner.py:225} INFO - Task exited with return code 0
[2023-06-16T07:38:00.335+0200] {taskinstance.py:2651} INFO - 0 downstream tasks scheduled from follow-on schedule check
