[2023-06-16T00:10:17.620+0200] {taskinstance.py:1103} INFO - Dependencies all met for dep_context=non-requeueable deps ti=<TaskInstance: ejecutar_python.check_participants manual__2023-06-15T14:47:07.980597+00:00 [queued]>
[2023-06-16T00:10:17.630+0200] {taskinstance.py:1103} INFO - Dependencies all met for dep_context=requeueable deps ti=<TaskInstance: ejecutar_python.check_participants manual__2023-06-15T14:47:07.980597+00:00 [queued]>
[2023-06-16T00:10:17.630+0200] {taskinstance.py:1308} INFO - Starting attempt 18 of 19
[2023-06-16T00:10:17.648+0200] {taskinstance.py:1327} INFO - Executing <Task(PythonOperator): check_participants> on 2023-06-15 14:47:07.980597+00:00
[2023-06-16T00:10:17.652+0200] {standard_task_runner.py:57} INFO - Started process 145276 to run task
[2023-06-16T00:10:17.657+0200] {standard_task_runner.py:84} INFO - Running: ['airflow', 'tasks', 'run', 'ejecutar_python', 'check_participants', 'manual__2023-06-15T14:47:07.980597+00:00', '--job-id', '62', '--raw', '--subdir', 'DAGS_FOLDER/thesis_container.py', '--cfg-path', '/tmp/tmp11fektbn']
[2023-06-16T00:10:17.659+0200] {standard_task_runner.py:85} INFO - Job 62: Subtask check_participants
[2023-06-16T00:10:17.699+0200] {task_command.py:410} INFO - Running <TaskInstance: ejecutar_python.check_participants manual__2023-06-15T14:47:07.980597+00:00 [running]> on host DESKTOP-3KJU1M7.
[2023-06-16T00:10:17.763+0200] {taskinstance.py:1545} INFO - Exporting env vars: AIRFLOW_CTX_DAG_OWNER='airflow' AIRFLOW_CTX_DAG_ID='ejecutar_python' AIRFLOW_CTX_TASK_ID='check_participants' AIRFLOW_CTX_EXECUTION_DATE='2023-06-15T14:47:07.980597+00:00' AIRFLOW_CTX_TRY_NUMBER='18' AIRFLOW_CTX_DAG_RUN_ID='manual__2023-06-15T14:47:07.980597+00:00'
[2023-06-16T00:10:17.764+0200] {logging_mixin.py:149} INFO - ['hola_525']
[2023-06-16T00:10:17.764+0200] {logging_mixin.py:149} INFO - ['']
[2023-06-16T00:10:17.764+0200] {logging_mixin.py:149} INFO - ['hola_525']
[2023-06-16T00:10:17.765+0200] {logging_mixin.py:149} INFO - New participants found. Creating containers...
[2023-06-16T00:10:17.765+0200] {logging_mixin.py:149} INFO - 0
[2023-06-16T00:10:17.765+0200] {logging_mixin.py:149} INFO - <class 'int'>
[2023-06-16T00:10:17.765+0200] {logging_mixin.py:149} INFO - ['hola_525']
[2023-06-16T00:10:17.765+0200] {logging_mixin.py:149} INFO - prueba de lista ['hola_525']
[2023-06-16T00:10:17.765+0200] {logging_mixin.py:149} INFO - ['/home/reynel1995/Thesis/host_2/1_6-6.mrxs']
[2023-06-16T00:10:17.765+0200] {logging_mixin.py:149} INFO - container solito hola_525
[2023-06-16T00:10:17.765+0200] {logging_mixin.py:149} INFO - /home/reynel1995/Thesis/host_2/1_6-6.mrxs
[2023-06-16T00:10:17.765+0200] {logging_mixin.py:149} INFO - /home/reynel1995/Thesis/host_2/1_6-6.mrxs
[2023-06-16T00:10:17.765+0200] {logging_mixin.py:149} INFO - /home/reynel1995/Thesis/host_2
[2023-06-16T00:10:17.765+0200] {logging_mixin.py:149} INFO - nuevo /home/reynel1995/Thesis/hola_525
[2023-06-16T00:10:17.765+0200] {logging_mixin.py:149} INFO - ['/home/reynel1995/Thesis/hola_525', '', '/home/reynel1995/Thesis/hola_525', '/home/reynel1995/Thesis/hola_525', '/home/reynel1995/Thesis/hola_525', '/home/reynel1995/Thesis/hola_525', '/home/reynel1995/Thesis/hola_525', '/home/reynel1995/Thesis/hola_525', '/home/reynel1995/Thesis/hola_525']
[2023-06-16T00:10:18.267+0200] {logging_mixin.py:149} INFO - Container hola_525 image built successfully.
[2023-06-16T00:10:18.816+0200] {logging_mixin.py:149} INFO - Container hola_525 started.
[2023-06-16T00:10:18.816+0200] {logging_mixin.py:149} INFO - copy files function ['/home/reynel1995/Thesis/hola_525', '', '/home/reynel1995/Thesis/hola_525', '/home/reynel1995/Thesis/hola_525', '/home/reynel1995/Thesis/hola_525', '/home/reynel1995/Thesis/hola_525', '/home/reynel1995/Thesis/hola_525', '/home/reynel1995/Thesis/hola_525', '/home/reynel1995/Thesis/hola_525']
[2023-06-16T00:10:18.817+0200] {logging_mixin.py:149} INFO - hola_525
[2023-06-16T00:10:18.934+0200] {logging_mixin.py:149} INFO - File /home/reynel1995/Thesis/host_1/Image_analysis.py copied to container hola_525 volume.
[2023-06-16T00:11:29.739+0200] {logging_mixin.py:149} INFO - Command 'python /app/Image_analysis.py' executed in container hola_525.
[2023-06-16T00:11:31.350+0200] {logging_mixin.py:149} INFO - Image  copied to /home/reynel1995/Thesis/host_1/hola_525
[2023-06-16T00:11:31.351+0200] {logging_mixin.py:149} INFO - Results saved to directory /home/reynel1995/Thesis/host_1
[2023-06-16T00:11:31.351+0200] {logging_mixin.py:149} INFO - new participant antes de registrar ['hola_525']
[2023-06-16T00:11:31.351+0200] {logging_mixin.py:149} INFO - new participant antes de registrar <class 'list'>
[2023-06-16T00:11:31.352+0200] {logging_mixin.py:149} INFO - Processing completed.
[2023-06-16T00:11:31.352+0200] {python.py:183} INFO - Done. Returned value was: None
[2023-06-16T00:11:31.357+0200] {taskinstance.py:1345} INFO - Marking task as SUCCESS. dag_id=ejecutar_python, task_id=check_participants, execution_date=20230615T144707, start_date=20230615T221017, end_date=20230615T221131
[2023-06-16T00:11:31.398+0200] {local_task_job_runner.py:225} INFO - Task exited with return code 0
[2023-06-16T00:11:31.425+0200] {taskinstance.py:2651} INFO - 0 downstream tasks scheduled from follow-on schedule check
