[2023-06-16T06:38:42.352+0200] {taskinstance.py:1103} INFO - Dependencies all met for dep_context=non-requeueable deps ti=<TaskInstance: ejecutar_python.check_participants manual__2023-06-15T14:47:07.980597+00:00 [queued]>
[2023-06-16T06:38:42.366+0200] {taskinstance.py:1103} INFO - Dependencies all met for dep_context=requeueable deps ti=<TaskInstance: ejecutar_python.check_participants manual__2023-06-15T14:47:07.980597+00:00 [queued]>
[2023-06-16T06:38:42.366+0200] {taskinstance.py:1308} INFO - Starting attempt 31 of 32
[2023-06-16T06:38:42.386+0200] {taskinstance.py:1327} INFO - Executing <Task(PythonOperator): check_participants> on 2023-06-15 14:47:07.980597+00:00
[2023-06-16T06:38:42.392+0200] {standard_task_runner.py:57} INFO - Started process 259546 to run task
[2023-06-16T06:38:42.396+0200] {standard_task_runner.py:84} INFO - Running: ['airflow', 'tasks', 'run', 'ejecutar_python', 'check_participants', 'manual__2023-06-15T14:47:07.980597+00:00', '--job-id', '75', '--raw', '--subdir', 'DAGS_FOLDER/thesis_container.py', '--cfg-path', '/tmp/tmp3vs1cggs']
[2023-06-16T06:38:42.398+0200] {standard_task_runner.py:85} INFO - Job 75: Subtask check_participants
[2023-06-16T06:38:42.454+0200] {task_command.py:410} INFO - Running <TaskInstance: ejecutar_python.check_participants manual__2023-06-15T14:47:07.980597+00:00 [running]> on host DESKTOP-3KJU1M7.
[2023-06-16T06:38:42.525+0200] {taskinstance.py:1545} INFO - Exporting env vars: AIRFLOW_CTX_DAG_OWNER='airflow' AIRFLOW_CTX_DAG_ID='ejecutar_python' AIRFLOW_CTX_TASK_ID='check_participants' AIRFLOW_CTX_EXECUTION_DATE='2023-06-15T14:47:07.980597+00:00' AIRFLOW_CTX_TRY_NUMBER='31' AIRFLOW_CTX_DAG_RUN_ID='manual__2023-06-15T14:47:07.980597+00:00'
[2023-06-16T06:38:42.527+0200] {logging_mixin.py:149} INFO - ['hola_525']
[2023-06-16T06:38:42.528+0200] {logging_mixin.py:149} INFO - ['']
[2023-06-16T06:38:42.528+0200] {logging_mixin.py:149} INFO - ['hola_525']
[2023-06-16T06:38:42.529+0200] {logging_mixin.py:149} INFO - New participants found. Creating containers...
[2023-06-16T06:38:42.529+0200] {logging_mixin.py:149} INFO - 0
[2023-06-16T06:38:42.529+0200] {logging_mixin.py:149} INFO - <class 'int'>
[2023-06-16T06:38:42.529+0200] {logging_mixin.py:149} INFO - ['hola_525']
[2023-06-16T06:38:42.529+0200] {logging_mixin.py:149} INFO - prueba de lista ['hola_525']
[2023-06-16T06:38:42.529+0200] {logging_mixin.py:149} INFO - ['/home/reynel1995/Thesis/host_2/1_6-6.mrxs']
[2023-06-16T06:38:42.529+0200] {logging_mixin.py:149} INFO - container solito hola_525
[2023-06-16T06:38:42.529+0200] {logging_mixin.py:149} INFO - /home/reynel1995/Thesis/host_2/1_6-6.mrxs
[2023-06-16T06:38:42.529+0200] {logging_mixin.py:149} INFO - /home/reynel1995/Thesis/host_2/1_6-6.mrxs
[2023-06-16T06:38:42.530+0200] {logging_mixin.py:149} INFO - /home/reynel1995/Thesis/host_2
[2023-06-16T06:38:42.531+0200] {logging_mixin.py:149} INFO - nuevo /home/reynel1995/Thesis/hola_525
[2023-06-16T06:38:42.531+0200] {logging_mixin.py:149} INFO - ['/home/reynel1995/Thesis/hola_525', '', '/home/reynel1995/Thesis/hola_525', '/home/reynel1995/Thesis/hola_525', '/home/reynel1995/Thesis/hola_525', '/home/reynel1995/Thesis/hola_525', '/home/reynel1995/Thesis/hola_525', '/home/reynel1995/Thesis/hola_525', '/home/reynel1995/Thesis/hola_525', '/home/reynel1995/Thesis/hola_525', '/home/reynel1995/Thesis/hola_525', '/home/reynel1995/Thesis/hola_525', '/home/reynel1995/Thesis/hola_525', '/home/reynel1995/Thesis/hola_525', '/home/reynel1995/Thesis/hola_525', '/home/reynel1995/Thesis/hola_525', '/home/reynel1995/Thesis/hola_525', '/home/reynel1995/Thesis/hola_525', '/home/reynel1995/Thesis/hola_525', '/home/reynel1995/Thesis/hola_525', '/home/reynel1995/Thesis/hola_525', '/home/reynel1995/Thesis/hola_525']
[2023-06-16T06:38:43.409+0200] {logging_mixin.py:149} INFO - Container hola_525 image built successfully.
[2023-06-16T06:38:44.123+0200] {logging_mixin.py:149} INFO - Container hola_525 started.
[2023-06-16T06:38:44.123+0200] {logging_mixin.py:149} INFO - copy files function ['/home/reynel1995/Thesis/hola_525', '', '/home/reynel1995/Thesis/hola_525', '/home/reynel1995/Thesis/hola_525', '/home/reynel1995/Thesis/hola_525', '/home/reynel1995/Thesis/hola_525', '/home/reynel1995/Thesis/hola_525', '/home/reynel1995/Thesis/hola_525', '/home/reynel1995/Thesis/hola_525', '/home/reynel1995/Thesis/hola_525', '/home/reynel1995/Thesis/hola_525', '/home/reynel1995/Thesis/hola_525', '/home/reynel1995/Thesis/hola_525', '/home/reynel1995/Thesis/hola_525', '/home/reynel1995/Thesis/hola_525', '/home/reynel1995/Thesis/hola_525', '/home/reynel1995/Thesis/hola_525', '/home/reynel1995/Thesis/hola_525', '/home/reynel1995/Thesis/hola_525', '/home/reynel1995/Thesis/hola_525', '/home/reynel1995/Thesis/hola_525', '/home/reynel1995/Thesis/hola_525']
[2023-06-16T06:38:44.124+0200] {logging_mixin.py:149} INFO - hola_525
[2023-06-16T06:38:44.301+0200] {logging_mixin.py:149} INFO - File /home/reynel1995/Thesis/host_1/Image_analysis.py copied to container hola_525 volume.
[2023-06-16T06:40:17.840+0200] {logging_mixin.py:149} INFO - Command 'python /app/Image_analysis.py' executed in container hola_525.
[2023-06-16T06:40:18.443+0200] {logging_mixin.py:149} INFO - Array copied to /home/reynel1995/Thesis/host_1/hola_525/result.npy
[2023-06-16T06:40:18.444+0200] {taskinstance.py:1824} ERROR - Task failed with exception
Traceback (most recent call last):
  File "/home/reynel1995/thesis/lib/python3.10/site-packages/airflow/operators/python.py", line 181, in execute
    return_value = self.execute_callable()
  File "/home/reynel1995/thesis/lib/python3.10/site-packages/airflow/operators/python.py", line 198, in execute_callable
    return self.python_callable(*self.op_args, **self.op_kwargs)
  File "/home/reynel1995/airflow/dags/thesis_container.py", line 337, in check_participants
    execute_command_in_containers("python /app/Image_analysis.py", index)
  File "/home/reynel1995/airflow/dags/thesis_container.py", line 260, in execute_command_in_containers
    array = np.load(host_path)
  File "/home/reynel1995/thesis/lib/python3.10/site-packages/numpy/lib/npyio.py", line 438, in load
    raise ValueError("Cannot load file containing pickled data "
ValueError: Cannot load file containing pickled data when allow_pickle=False
[2023-06-16T06:40:18.466+0200] {taskinstance.py:1345} INFO - Marking task as UP_FOR_RETRY. dag_id=ejecutar_python, task_id=check_participants, execution_date=20230615T144707, start_date=20230616T043842, end_date=20230616T044018
[2023-06-16T06:40:18.497+0200] {standard_task_runner.py:104} ERROR - Failed to execute job 75 for task check_participants (Cannot load file containing pickled data when allow_pickle=False; 259546)
[2023-06-16T06:40:18.523+0200] {local_task_job_runner.py:225} INFO - Task exited with return code 1
[2023-06-16T06:40:18.573+0200] {taskinstance.py:2651} INFO - 0 downstream tasks scheduled from follow-on schedule check
