[2023-06-15T19:32:04.821+0200] {taskinstance.py:1103} INFO - Dependencies all met for dep_context=non-requeueable deps ti=<TaskInstance: ejecutar_python.check_participants manual__2023-06-15T14:37:45.849041+00:00 [queued]>
[2023-06-15T19:32:04.829+0200] {taskinstance.py:1103} INFO - Dependencies all met for dep_context=requeueable deps ti=<TaskInstance: ejecutar_python.check_participants manual__2023-06-15T14:37:45.849041+00:00 [queued]>
[2023-06-15T19:32:04.830+0200] {taskinstance.py:1308} INFO - Starting attempt 10 of 11
[2023-06-15T19:32:04.855+0200] {taskinstance.py:1327} INFO - Executing <Task(PythonOperator): check_participants> on 2023-06-15 14:37:45.849041+00:00
[2023-06-15T19:32:04.860+0200] {standard_task_runner.py:57} INFO - Started process 45677 to run task
[2023-06-15T19:32:04.863+0200] {standard_task_runner.py:84} INFO - Running: ['airflow', 'tasks', 'run', 'ejecutar_python', 'check_participants', 'manual__2023-06-15T14:37:45.849041+00:00', '--job-id', '18', '--raw', '--subdir', 'DAGS_FOLDER/thesis_container.py', '--cfg-path', '/tmp/tmph29ke6hg']
[2023-06-15T19:32:04.864+0200] {standard_task_runner.py:85} INFO - Job 18: Subtask check_participants
[2023-06-15T19:32:04.928+0200] {task_command.py:410} INFO - Running <TaskInstance: ejecutar_python.check_participants manual__2023-06-15T14:37:45.849041+00:00 [running]> on host DESKTOP-3KJU1M7.
[2023-06-15T19:32:05.008+0200] {taskinstance.py:1545} INFO - Exporting env vars: AIRFLOW_CTX_DAG_OWNER='airflow' AIRFLOW_CTX_DAG_ID='ejecutar_python' AIRFLOW_CTX_TASK_ID='check_participants' AIRFLOW_CTX_EXECUTION_DATE='2023-06-15T14:37:45.849041+00:00' AIRFLOW_CTX_TRY_NUMBER='10' AIRFLOW_CTX_DAG_RUN_ID='manual__2023-06-15T14:37:45.849041+00:00'
[2023-06-15T19:32:05.010+0200] {logging_mixin.py:149} INFO - ['hola_525']
[2023-06-15T19:32:05.011+0200] {logging_mixin.py:149} INFO - ['']
[2023-06-15T19:32:05.011+0200] {logging_mixin.py:149} INFO - ['hola_525']
[2023-06-15T19:32:05.011+0200] {logging_mixin.py:149} INFO - New participants found. Creating containers...
[2023-06-15T19:32:05.011+0200] {logging_mixin.py:149} INFO - 0
[2023-06-15T19:32:05.011+0200] {logging_mixin.py:149} INFO - <class 'int'>
[2023-06-15T19:32:05.011+0200] {logging_mixin.py:149} INFO - ['hola_525']
[2023-06-15T19:32:05.012+0200] {logging_mixin.py:149} INFO - prueba de lista ['hola_525']
[2023-06-15T19:32:05.012+0200] {logging_mixin.py:149} INFO - ['/home/reynel1995/Thesis/host_2/1_6-6.mrxs']
[2023-06-15T19:32:05.012+0200] {logging_mixin.py:149} INFO - container solito hola_525
[2023-06-15T19:32:05.012+0200] {logging_mixin.py:149} INFO - /home/reynel1995/Thesis/host_2/1_6-6.mrxs
[2023-06-15T19:32:05.012+0200] {logging_mixin.py:149} INFO - /home/reynel1995/Thesis/host_2/1_6-6.mrxs
[2023-06-15T19:32:05.012+0200] {logging_mixin.py:149} INFO - /home/reynel1995/Thesis/host_2
[2023-06-15T19:32:05.012+0200] {logging_mixin.py:149} INFO - nuevo /home/reynel1995/Thesis/hola_525
[2023-06-15T19:32:05.013+0200] {logging_mixin.py:149} INFO - ['/home/reynel1995/Thesis/hola_525', '/home/reynel1995/Thesis/hola_525', '/home/reynel1995/Thesis/hola_525', '/home/reynel1995/Thesis/hola_525']
[2023-06-15T19:32:06.089+0200] {logging_mixin.py:149} INFO - Container hola_525 image built successfully.
[2023-06-15T19:32:06.977+0200] {logging_mixin.py:149} INFO - Container hola_525 started.
[2023-06-15T19:32:06.978+0200] {logging_mixin.py:149} INFO - copy files function ['/home/reynel1995/Thesis/hola_525', '/home/reynel1995/Thesis/hola_525', '/home/reynel1995/Thesis/hola_525', '/home/reynel1995/Thesis/hola_525']
[2023-06-15T19:32:06.978+0200] {logging_mixin.py:149} INFO - hola_525
[2023-06-15T19:32:07.156+0200] {logging_mixin.py:149} INFO - File /home/reynel1995/Thesis/host_1/Image_analysis.py copied to container hola_525 volume.
[2023-06-15T19:33:21.367+0200] {logging_mixin.py:149} INFO - N
[2023-06-15T19:33:21.368+0200] {taskinstance.py:1824} ERROR - Task failed with exception
Traceback (most recent call last):
  File "/home/reynel1995/thesis/lib/python3.10/site-packages/airflow/operators/python.py", line 181, in execute
    return_value = self.execute_callable()
  File "/home/reynel1995/thesis/lib/python3.10/site-packages/airflow/operators/python.py", line 198, in execute_callable
    return self.python_callable(*self.op_args, **self.op_kwargs)
  File "/home/reynel1995/airflow/dags/thesis_container.py", line 322, in check_participants
    execute_command_in_containers("python /app/Image_analysis.py {output_directory}", index)
  File "/home/reynel1995/airflow/dags/thesis_container.py", line 229, in execute_command_in_containers
    print(output_images[0])
IndexError: list index out of range
[2023-06-15T19:33:21.376+0200] {taskinstance.py:1345} INFO - Marking task as UP_FOR_RETRY. dag_id=ejecutar_python, task_id=check_participants, execution_date=20230615T143745, start_date=20230615T173204, end_date=20230615T173321
[2023-06-15T19:33:21.392+0200] {standard_task_runner.py:104} ERROR - Failed to execute job 18 for task check_participants (list index out of range; 45677)
[2023-06-15T19:33:21.433+0200] {local_task_job_runner.py:225} INFO - Task exited with return code 1
[2023-06-15T19:33:21.496+0200] {taskinstance.py:2651} INFO - 0 downstream tasks scheduled from follow-on schedule check
