[2023-06-15T19:36:47.807+0200] {taskinstance.py:1103} INFO - Dependencies all met for dep_context=non-requeueable deps ti=<TaskInstance: ejecutar_python.check_participants manual__2023-06-15T14:37:45.849041+00:00 [queued]>
[2023-06-15T19:36:47.815+0200] {taskinstance.py:1103} INFO - Dependencies all met for dep_context=requeueable deps ti=<TaskInstance: ejecutar_python.check_participants manual__2023-06-15T14:37:45.849041+00:00 [queued]>
[2023-06-15T19:36:47.815+0200] {taskinstance.py:1308} INFO - Starting attempt 12 of 13
[2023-06-15T19:36:47.847+0200] {taskinstance.py:1327} INFO - Executing <Task(PythonOperator): check_participants> on 2023-06-15 14:37:45.849041+00:00
[2023-06-15T19:36:47.854+0200] {standard_task_runner.py:57} INFO - Started process 48035 to run task
[2023-06-15T19:36:47.858+0200] {standard_task_runner.py:84} INFO - Running: ['airflow', 'tasks', 'run', 'ejecutar_python', 'check_participants', 'manual__2023-06-15T14:37:45.849041+00:00', '--job-id', '20', '--raw', '--subdir', 'DAGS_FOLDER/thesis_container.py', '--cfg-path', '/tmp/tmpvdgwwqsz']
[2023-06-15T19:36:47.860+0200] {standard_task_runner.py:85} INFO - Job 20: Subtask check_participants
[2023-06-15T19:36:47.935+0200] {task_command.py:410} INFO - Running <TaskInstance: ejecutar_python.check_participants manual__2023-06-15T14:37:45.849041+00:00 [running]> on host DESKTOP-3KJU1M7.
[2023-06-15T19:36:48.066+0200] {taskinstance.py:1545} INFO - Exporting env vars: AIRFLOW_CTX_DAG_OWNER='airflow' AIRFLOW_CTX_DAG_ID='ejecutar_python' AIRFLOW_CTX_TASK_ID='check_participants' AIRFLOW_CTX_EXECUTION_DATE='2023-06-15T14:37:45.849041+00:00' AIRFLOW_CTX_TRY_NUMBER='12' AIRFLOW_CTX_DAG_RUN_ID='manual__2023-06-15T14:37:45.849041+00:00'
[2023-06-15T19:36:48.069+0200] {logging_mixin.py:149} INFO - ['hola_525']
[2023-06-15T19:36:48.069+0200] {logging_mixin.py:149} INFO - ['']
[2023-06-15T19:36:48.069+0200] {logging_mixin.py:149} INFO - ['hola_525']
[2023-06-15T19:36:48.070+0200] {logging_mixin.py:149} INFO - New participants found. Creating containers...
[2023-06-15T19:36:48.070+0200] {logging_mixin.py:149} INFO - 0
[2023-06-15T19:36:48.070+0200] {logging_mixin.py:149} INFO - <class 'int'>
[2023-06-15T19:36:48.070+0200] {logging_mixin.py:149} INFO - ['hola_525']
[2023-06-15T19:36:48.070+0200] {logging_mixin.py:149} INFO - prueba de lista ['hola_525']
[2023-06-15T19:36:48.070+0200] {logging_mixin.py:149} INFO - ['/home/reynel1995/Thesis/host_2/1_6-6.mrxs']
[2023-06-15T19:36:48.070+0200] {logging_mixin.py:149} INFO - container solito hola_525
[2023-06-15T19:36:48.071+0200] {logging_mixin.py:149} INFO - /home/reynel1995/Thesis/host_2/1_6-6.mrxs
[2023-06-15T19:36:48.071+0200] {logging_mixin.py:149} INFO - /home/reynel1995/Thesis/host_2/1_6-6.mrxs
[2023-06-15T19:36:48.071+0200] {logging_mixin.py:149} INFO - /home/reynel1995/Thesis/host_2
[2023-06-15T19:36:48.071+0200] {logging_mixin.py:149} INFO - nuevo /home/reynel1995/Thesis/hola_525
[2023-06-15T19:36:48.071+0200] {logging_mixin.py:149} INFO - ['/home/reynel1995/Thesis/hola_525', '/home/reynel1995/Thesis/hola_525', '/home/reynel1995/Thesis/hola_525', '/home/reynel1995/Thesis/hola_525', '/home/reynel1995/Thesis/hola_525', '/home/reynel1995/Thesis/hola_525']
[2023-06-15T19:36:51.967+0200] {logging_mixin.py:149} INFO - Container hola_525 image built successfully.
[2023-06-15T19:36:53.038+0200] {logging_mixin.py:149} INFO - Container hola_525 started.
[2023-06-15T19:36:53.038+0200] {logging_mixin.py:149} INFO - copy files function ['/home/reynel1995/Thesis/hola_525', '/home/reynel1995/Thesis/hola_525', '/home/reynel1995/Thesis/hola_525', '/home/reynel1995/Thesis/hola_525', '/home/reynel1995/Thesis/hola_525', '/home/reynel1995/Thesis/hola_525']
[2023-06-15T19:36:53.039+0200] {logging_mixin.py:149} INFO - hola_525
[2023-06-15T19:36:53.187+0200] {logging_mixin.py:149} INFO - File /home/reynel1995/Thesis/host_1/Image_analysis.py copied to container hola_525 volume.
[2023-06-15T19:38:08.596+0200] {logging_mixin.py:149} INFO - N
[2023-06-15T19:38:08.596+0200] {logging_mixin.py:149} INFO - Command 'python /app/Image_analysis.py {output_directory}' executed in container hola_525. Output:
Number of levels in this image are: 10
Dimensions (at native resolution) of various levels in this image are: ((249600, 262912), (124800, 131456), (62400, 65728), (31200, 32864), (15600, 16432), (7800, 8216), (3900, 4108), (1950, 2054), (975, 1027), (487, 513))
Number of levels is downsampled by an amount of: (1.0, 2.0, 4.0, 8.0, 16.0, 32.0, 64.0, 128.0, 256.0, 512.0)
180
[[[255   0   0]
  [255   0   0]
  [255   0   0]
  ...
  [255   0   0]
  [255   0   0]
  [255   0   0]]

 [[255   0   0]
  [255 255 255]
  [255 255 255]
  ...
  [218 229 233]
  [218 229 233]
  [255   0   0]]

 [[255   0   0]
  [255 255 255]
  [255 255 255]
  ...
  [218 229 233]
  [218 229 233]
  [255   0   0]]

 ...

 [[255   0   0]
  [255 255 255]
  [255 255 255]
  ...
  [216 230 236]
  [216 230 236]
  [255   0   0]]

 [[255   0   0]
  [255 255 255]
  [255 255 255]
  ...
  [216 230 236]
  [216 230 236]
  [255   0   0]]

 [[255   0   0]
  [255   0   0]
  [255   0   0]
  ...
  [255   0   0]
  [255   0   0]
  [255   0   0]]]
[2023-06-15T19:38:08.597+0200] {logging_mixin.py:149} INFO - Results saved to directory /home/reynel1995/Thesis/host_1
[2023-06-15T19:38:08.597+0200] {logging_mixin.py:149} INFO - new participant antes de registrar ['hola_525']
[2023-06-15T19:38:08.597+0200] {logging_mixin.py:149} INFO - new participant antes de registrar <class 'list'>
[2023-06-15T19:38:08.597+0200] {logging_mixin.py:149} INFO - Processing completed.
[2023-06-15T19:38:08.598+0200] {python.py:183} INFO - Done. Returned value was: None
[2023-06-15T19:38:08.605+0200] {taskinstance.py:1345} INFO - Marking task as SUCCESS. dag_id=ejecutar_python, task_id=check_participants, execution_date=20230615T143745, start_date=20230615T173647, end_date=20230615T173808
[2023-06-15T19:38:09.127+0200] {local_task_job_runner.py:225} INFO - Task exited with return code 0
[2023-06-15T19:38:09.192+0200] {taskinstance.py:2651} INFO - 0 downstream tasks scheduled from follow-on schedule check
