[2023-06-15T19:27:10.041+0200] {taskinstance.py:1103} INFO - Dependencies all met for dep_context=non-requeueable deps ti=<TaskInstance: ejecutar_python.check_participants manual__2023-06-15T14:37:45.849041+00:00 [queued]>
[2023-06-15T19:27:10.056+0200] {taskinstance.py:1103} INFO - Dependencies all met for dep_context=requeueable deps ti=<TaskInstance: ejecutar_python.check_participants manual__2023-06-15T14:37:45.849041+00:00 [queued]>
[2023-06-15T19:27:10.056+0200] {taskinstance.py:1308} INFO - Starting attempt 9 of 10
[2023-06-15T19:27:10.079+0200] {taskinstance.py:1327} INFO - Executing <Task(PythonOperator): check_participants> on 2023-06-15 14:37:45.849041+00:00
[2023-06-15T19:27:10.084+0200] {standard_task_runner.py:57} INFO - Started process 43510 to run task
[2023-06-15T19:27:10.087+0200] {standard_task_runner.py:84} INFO - Running: ['airflow', 'tasks', 'run', 'ejecutar_python', 'check_participants', 'manual__2023-06-15T14:37:45.849041+00:00', '--job-id', '17', '--raw', '--subdir', 'DAGS_FOLDER/thesis_container.py', '--cfg-path', '/tmp/tmpdk0qiyah']
[2023-06-15T19:27:10.088+0200] {standard_task_runner.py:85} INFO - Job 17: Subtask check_participants
[2023-06-15T19:27:10.144+0200] {task_command.py:410} INFO - Running <TaskInstance: ejecutar_python.check_participants manual__2023-06-15T14:37:45.849041+00:00 [running]> on host DESKTOP-3KJU1M7.
[2023-06-15T19:27:10.236+0200] {taskinstance.py:1545} INFO - Exporting env vars: AIRFLOW_CTX_DAG_OWNER='airflow' AIRFLOW_CTX_DAG_ID='ejecutar_python' AIRFLOW_CTX_TASK_ID='check_participants' AIRFLOW_CTX_EXECUTION_DATE='2023-06-15T14:37:45.849041+00:00' AIRFLOW_CTX_TRY_NUMBER='9' AIRFLOW_CTX_DAG_RUN_ID='manual__2023-06-15T14:37:45.849041+00:00'
[2023-06-15T19:27:10.238+0200] {logging_mixin.py:149} INFO - ['hola_525']
[2023-06-15T19:27:10.238+0200] {logging_mixin.py:149} INFO - []
[2023-06-15T19:27:10.238+0200] {logging_mixin.py:149} INFO - ['hola_525']
[2023-06-15T19:27:10.238+0200] {logging_mixin.py:149} INFO - New participants found. Creating containers...
[2023-06-15T19:27:10.239+0200] {logging_mixin.py:149} INFO - 0
[2023-06-15T19:27:10.239+0200] {logging_mixin.py:149} INFO - <class 'int'>
[2023-06-15T19:27:10.239+0200] {logging_mixin.py:149} INFO - ['hola_525']
[2023-06-15T19:27:10.239+0200] {logging_mixin.py:149} INFO - prueba de lista ['hola_525']
[2023-06-15T19:27:10.239+0200] {logging_mixin.py:149} INFO - ['/home/reynel1995/Thesis/host_2/1_6-6.mrxs']
[2023-06-15T19:27:10.239+0200] {logging_mixin.py:149} INFO - container solito hola_525
[2023-06-15T19:27:10.239+0200] {logging_mixin.py:149} INFO - /home/reynel1995/Thesis/host_2/1_6-6.mrxs
[2023-06-15T19:27:10.239+0200] {logging_mixin.py:149} INFO - /home/reynel1995/Thesis/host_2/1_6-6.mrxs
[2023-06-15T19:27:10.240+0200] {logging_mixin.py:149} INFO - /home/reynel1995/Thesis/host_2
[2023-06-15T19:27:10.240+0200] {logging_mixin.py:149} INFO - nuevo /home/reynel1995/Thesis/hola_525
[2023-06-15T19:27:10.240+0200] {logging_mixin.py:149} INFO - ['/home/reynel1995/Thesis/hola_525', '/home/reynel1995/Thesis/hola_525', '/home/reynel1995/Thesis/hola_525']
[2023-06-15T19:27:11.041+0200] {logging_mixin.py:149} INFO - Container hola_525 image built successfully.
[2023-06-15T19:27:11.651+0200] {logging_mixin.py:149} INFO - Container hola_525 started.
[2023-06-15T19:27:11.652+0200] {logging_mixin.py:149} INFO - copy files function ['/home/reynel1995/Thesis/hola_525', '/home/reynel1995/Thesis/hola_525', '/home/reynel1995/Thesis/hola_525']
[2023-06-15T19:27:11.652+0200] {logging_mixin.py:149} INFO - hola_525
[2023-06-15T19:27:11.861+0200] {logging_mixin.py:149} INFO - File /home/reynel1995/Thesis/host_1/Image_analysis.py copied to container hola_525 volume.
[2023-06-15T19:27:12.462+0200] {logging_mixin.py:149} INFO - Command 'python /app/Image_analysis.py {output_directory}' executed in container hola_525. Output:
Number of levels in this image are: 10
Dimensions (at native resolution) of various levels in this image are: ((249600, 262912), (124800, 131456), (62400, 65728), (31200, 32864), (15600, 16432), (7800, 8216), (3900, 4108), (1950, 2054), (975, 1027), (487, 513))
Number of levels is downsampled by an amount of: (1.0, 2.0, 4.0, 8.0, 16.0, 32.0, 64.0, 128.0, 256.0, 512.0)
Traceback (most recent call last):
  File "/app/Image_analysis.py", line 243, in <module>
    process_images(tiles)
TypeError: process_images() missing 1 required positional argument: 'output_directory'
[2023-06-15T19:27:12.463+0200] {logging_mixin.py:149} INFO - Results saved to directory /home/reynel1995/Thesis/host_1
[2023-06-15T19:27:12.464+0200] {logging_mixin.py:149} INFO - new participant antes de registrar ['hola_525']
[2023-06-15T19:27:12.464+0200] {logging_mixin.py:149} INFO - new participant antes de registrar <class 'list'>
[2023-06-15T19:27:12.465+0200] {logging_mixin.py:149} INFO - Processing completed.
[2023-06-15T19:27:12.465+0200] {python.py:183} INFO - Done. Returned value was: None
[2023-06-15T19:27:12.470+0200] {taskinstance.py:1345} INFO - Marking task as SUCCESS. dag_id=ejecutar_python, task_id=check_participants, execution_date=20230615T143745, start_date=20230615T172710, end_date=20230615T172712
[2023-06-15T19:27:12.511+0200] {local_task_job_runner.py:225} INFO - Task exited with return code 0
[2023-06-15T19:27:12.565+0200] {taskinstance.py:2651} INFO - 0 downstream tasks scheduled from follow-on schedule check
