[2023-06-15T20:39:39.060+0200] {taskinstance.py:1103} INFO - Dependencies all met for dep_context=non-requeueable deps ti=<TaskInstance: ejecutar_python.check_participants manual__2023-06-15T14:37:45.849041+00:00 [queued]>
[2023-06-15T20:39:39.066+0200] {taskinstance.py:1103} INFO - Dependencies all met for dep_context=requeueable deps ti=<TaskInstance: ejecutar_python.check_participants manual__2023-06-15T14:37:45.849041+00:00 [queued]>
[2023-06-15T20:39:39.066+0200] {taskinstance.py:1308} INFO - Starting attempt 18 of 19
[2023-06-15T20:39:39.084+0200] {taskinstance.py:1327} INFO - Executing <Task(PythonOperator): check_participants> on 2023-06-15 14:37:45.849041+00:00
[2023-06-15T20:39:39.087+0200] {standard_task_runner.py:57} INFO - Started process 67815 to run task
[2023-06-15T20:39:39.090+0200] {standard_task_runner.py:84} INFO - Running: ['airflow', 'tasks', 'run', 'ejecutar_python', 'check_participants', 'manual__2023-06-15T14:37:45.849041+00:00', '--job-id', '26', '--raw', '--subdir', 'DAGS_FOLDER/thesis_container.py', '--cfg-path', '/tmp/tmpmngljxj2']
[2023-06-15T20:39:39.092+0200] {standard_task_runner.py:85} INFO - Job 26: Subtask check_participants
[2023-06-15T20:39:39.126+0200] {task_command.py:410} INFO - Running <TaskInstance: ejecutar_python.check_participants manual__2023-06-15T14:37:45.849041+00:00 [running]> on host DESKTOP-3KJU1M7.
[2023-06-15T20:39:39.193+0200] {taskinstance.py:1545} INFO - Exporting env vars: AIRFLOW_CTX_DAG_OWNER='airflow' AIRFLOW_CTX_DAG_ID='ejecutar_python' AIRFLOW_CTX_TASK_ID='check_participants' AIRFLOW_CTX_EXECUTION_DATE='2023-06-15T14:37:45.849041+00:00' AIRFLOW_CTX_TRY_NUMBER='18' AIRFLOW_CTX_DAG_RUN_ID='manual__2023-06-15T14:37:45.849041+00:00'
[2023-06-15T20:39:39.195+0200] {logging_mixin.py:149} INFO - ['hola_525']
[2023-06-15T20:39:39.195+0200] {logging_mixin.py:149} INFO - []
[2023-06-15T20:39:39.195+0200] {logging_mixin.py:149} INFO - ['hola_525']
[2023-06-15T20:39:39.195+0200] {logging_mixin.py:149} INFO - New participants found. Creating containers...
[2023-06-15T20:39:39.195+0200] {logging_mixin.py:149} INFO - 0
[2023-06-15T20:39:39.195+0200] {logging_mixin.py:149} INFO - <class 'int'>
[2023-06-15T20:39:39.195+0200] {logging_mixin.py:149} INFO - ['hola_525']
[2023-06-15T20:39:39.195+0200] {logging_mixin.py:149} INFO - prueba de lista ['hola_525']
[2023-06-15T20:39:39.196+0200] {logging_mixin.py:149} INFO - ['/home/reynel1995/Thesis/host_2/1_6-6.mrxs']
[2023-06-15T20:39:39.196+0200] {logging_mixin.py:149} INFO - container solito hola_525
[2023-06-15T20:39:39.196+0200] {logging_mixin.py:149} INFO - /home/reynel1995/Thesis/host_2/1_6-6.mrxs
[2023-06-15T20:39:39.196+0200] {logging_mixin.py:149} INFO - /home/reynel1995/Thesis/host_2/1_6-6.mrxs
[2023-06-15T20:39:39.196+0200] {logging_mixin.py:149} INFO - /home/reynel1995/Thesis/host_2
[2023-06-15T20:39:39.196+0200] {logging_mixin.py:149} INFO - nuevo /home/reynel1995/Thesis/hola_525
[2023-06-15T20:39:39.196+0200] {logging_mixin.py:149} INFO - ['/home/reynel1995/Thesis/hola_525', '/home/reynel1995/Thesis/hola_525', '/home/reynel1995/Thesis/hola_525', '/home/reynel1995/Thesis/hola_525', '/home/reynel1995/Thesis/hola_525', '/home/reynel1995/Thesis/hola_525', '/home/reynel1995/Thesis/hola_525', '/home/reynel1995/Thesis/hola_525', '/home/reynel1995/Thesis/hola_525', '/home/reynel1995/Thesis/hola_525']
[2023-06-15T20:39:39.939+0200] {logging_mixin.py:149} INFO - Container hola_525 image built successfully.
[2023-06-15T20:39:40.897+0200] {logging_mixin.py:149} INFO - Container hola_525 started.
[2023-06-15T20:39:40.898+0200] {logging_mixin.py:149} INFO - copy files function ['/home/reynel1995/Thesis/hola_525', '/home/reynel1995/Thesis/hola_525', '/home/reynel1995/Thesis/hola_525', '/home/reynel1995/Thesis/hola_525', '/home/reynel1995/Thesis/hola_525', '/home/reynel1995/Thesis/hola_525', '/home/reynel1995/Thesis/hola_525', '/home/reynel1995/Thesis/hola_525', '/home/reynel1995/Thesis/hola_525', '/home/reynel1995/Thesis/hola_525']
[2023-06-15T20:39:40.898+0200] {logging_mixin.py:149} INFO - hola_525
[2023-06-15T20:39:41.021+0200] {logging_mixin.py:149} INFO - File /home/reynel1995/Thesis/host_1/Image_analysis.py copied to container hola_525 volume.
[2023-06-15T20:41:17.560+0200] {logging_mixin.py:149} INFO - aca antes  los procesados Number of levels in this image are: 10
Dimensions (at native resolution) of various levels in this image are: ((249600, 262912), (124800, 131456), (62400, 65728), (31200, 32864), (15600, 16432), (7800, 8216), (3900, 4108), (1950, 2054), (975, 1027), (487, 513))
Number of levels is downsampled by an amount of: (1.0, 2.0, 4.0, 8.0, 16.0, 32.0, 64.0, 128.0, 256.0, 512.0)
180
[[[255   0   0]
  [255   0   0]
  [255   0   0]
  ...
  [255   0   0]
  [255   0   0]
  [255   0   0]]

 [[255   0   0]
  [255 255 255]
  [255 255 255]
  ...
  [218 229 233]
  [218 229 233]
  [255   0   0]]

 [[255   0   0]
  [255 255 255]
  [255 255 255]
  ...
  [218 229 233]
  [218 229 233]
  [255   0   0]]

 ...

 [[255   0   0]
  [255 255 255]
  [255 255 255]
  ...
  [216 230 236]
  [216 230 236]
  [255   0   0]]

 [[255   0   0]
  [255 255 255]
  [255 255 255]
  ...
  [216 230 236]
  [216 230 236]
  [255   0   0]]

 [[255   0   0]
  [255   0   0]
  [255   0   0]
  ...
  [255   0   0]
  [255   0   0]
  [255   0   0]]]
[2023-06-15T20:41:17.560+0200] {logging_mixin.py:149} INFO - Command 'python /app/Image_analysis.py' executed in container hola_525. Output:
Number of levels in this image are: 10
Dimensions (at native resolution) of various levels in this image are: ((249600, 262912), (124800, 131456), (62400, 65728), (31200, 32864), (15600, 16432), (7800, 8216), (3900, 4108), (1950, 2054), (975, 1027), (487, 513))
Number of levels is downsampled by an amount of: (1.0, 2.0, 4.0, 8.0, 16.0, 32.0, 64.0, 128.0, 256.0, 512.0)
180
[[[255   0   0]
  [255   0   0]
  [255   0   0]
  ...
  [255   0   0]
  [255   0   0]
  [255   0   0]]

 [[255   0   0]
  [255 255 255]
  [255 255 255]
  ...
  [218 229 233]
  [218 229 233]
  [255   0   0]]

 [[255   0   0]
  [255 255 255]
  [255 255 255]
  ...
  [218 229 233]
  [218 229 233]
  [255   0   0]]

 ...

 [[255   0   0]
  [255 255 255]
  [255 255 255]
  ...
  [216 230 236]
  [216 230 236]
  [255   0   0]]

 [[255   0   0]
  [255 255 255]
  [255 255 255]
  ...
  [216 230 236]
  [216 230 236]
  [255   0   0]]

 [[255   0   0]
  [255   0   0]
  [255   0   0]
  ...
  [255   0   0]
  [255   0   0]
  [255   0   0]]]
[2023-06-15T20:41:18.038+0200] {taskinstance.py:1824} ERROR - Task failed with exception
Traceback (most recent call last):
  File "/home/reynel1995/thesis/lib/python3.10/site-packages/airflow/operators/python.py", line 181, in execute
    return_value = self.execute_callable()
  File "/home/reynel1995/thesis/lib/python3.10/site-packages/airflow/operators/python.py", line 198, in execute_callable
    return self.python_callable(*self.op_args, **self.op_kwargs)
  File "/home/reynel1995/airflow/dags/thesis_container.py", line 322, in check_participants
    execute_command_in_containers("python /app/Image_analysis.py", index)
  File "/home/reynel1995/airflow/dags/thesis_container.py", line 241, in execute_command_in_containers
    cv2.imwrite(image_path, filename)
cv2.error: OpenCV(4.7.0) :-1: error: (-5:Bad argument) in function 'imwrite'
> Overload resolution failed:
>  - img is not a numpy array, neither a scalar
>  - Expected Ptr<cv::UMat> for argument 'img'

[2023-06-15T20:41:18.050+0200] {taskinstance.py:1345} INFO - Marking task as UP_FOR_RETRY. dag_id=ejecutar_python, task_id=check_participants, execution_date=20230615T143745, start_date=20230615T183939, end_date=20230615T184118
[2023-06-15T20:41:18.477+0200] {standard_task_runner.py:104} ERROR - Failed to execute job 26 for task check_participants (OpenCV(4.7.0) :-1: error: (-5:Bad argument) in function 'imwrite'
> Overload resolution failed:
>  - img is not a numpy array, neither a scalar
>  - Expected Ptr<cv::UMat> for argument 'img'
; 67815)
[2023-06-15T20:41:18.499+0200] {local_task_job_runner.py:225} INFO - Task exited with return code 1
[2023-06-15T20:41:18.521+0200] {taskinstance.py:2651} INFO - 0 downstream tasks scheduled from follow-on schedule check
