[2023-06-26T07:04:25.304+0200] {taskinstance.py:1103} INFO - Dependencies all met for dep_context=non-requeueable deps ti=<TaskInstance: execute_python.check_participants manual__2023-06-26T04:46:20.386225+00:00 [queued]>
[2023-06-26T07:04:25.314+0200] {taskinstance.py:1103} INFO - Dependencies all met for dep_context=requeueable deps ti=<TaskInstance: execute_python.check_participants manual__2023-06-26T04:46:20.386225+00:00 [queued]>
[2023-06-26T07:04:25.314+0200] {taskinstance.py:1308} INFO - Starting attempt 5 of 6
[2023-06-26T07:04:25.335+0200] {taskinstance.py:1327} INFO - Executing <Task(PythonOperator): check_participants> on 2023-06-26 04:46:20.386225+00:00
[2023-06-26T07:04:25.339+0200] {standard_task_runner.py:57} INFO - Started process 114221 to run task
[2023-06-26T07:04:25.346+0200] {standard_task_runner.py:84} INFO - Running: ['airflow', 'tasks', 'run', 'execute_python', 'check_participants', 'manual__2023-06-26T04:46:20.386225+00:00', '--job-id', '106', '--raw', '--subdir', 'DAGS_FOLDER/thesis_container.py', '--cfg-path', '/tmp/tmpvd_xlrkj']
[2023-06-26T07:04:25.350+0200] {standard_task_runner.py:85} INFO - Job 106: Subtask check_participants
[2023-06-26T07:04:25.410+0200] {task_command.py:410} INFO - Running <TaskInstance: execute_python.check_participants manual__2023-06-26T04:46:20.386225+00:00 [running]> on host DESKTOP-3KJU1M7.
[2023-06-26T07:04:25.480+0200] {taskinstance.py:1545} INFO - Exporting env vars: AIRFLOW_CTX_DAG_OWNER='airflow' AIRFLOW_CTX_DAG_ID='execute_python' AIRFLOW_CTX_TASK_ID='check_participants' AIRFLOW_CTX_EXECUTION_DATE='2023-06-26T04:46:20.386225+00:00' AIRFLOW_CTX_TRY_NUMBER='5' AIRFLOW_CTX_DAG_RUN_ID='manual__2023-06-26T04:46:20.386225+00:00'
[2023-06-26T07:04:25.482+0200] {logging_mixin.py:149} INFO - ['reynel_95']
[2023-06-26T07:04:25.483+0200] {logging_mixin.py:149} INFO - []
[2023-06-26T07:04:25.483+0200] {logging_mixin.py:149} INFO - ['reynel_95']
[2023-06-26T07:04:25.483+0200] {logging_mixin.py:149} INFO - New participants found. Creating containers...
[2023-06-26T07:04:25.483+0200] {logging_mixin.py:149} INFO - 0
[2023-06-26T07:04:25.483+0200] {logging_mixin.py:149} INFO - <class 'int'>
[2023-06-26T07:04:25.483+0200] {logging_mixin.py:149} INFO - ['reynel_95']
[2023-06-26T07:04:25.483+0200] {logging_mixin.py:149} INFO - list test ['reynel_95']
[2023-06-26T07:04:25.483+0200] {logging_mixin.py:149} INFO - ['/home/reynel1995/Thesis/Participant1/1_6-6.mrxs']
[2023-06-26T07:04:25.484+0200] {logging_mixin.py:149} INFO - single container reynel_95
[2023-06-26T07:04:25.484+0200] {logging_mixin.py:149} INFO - /home/reynel1995/Thesis/Participant1/1_6-6.mrxs
[2023-06-26T07:04:25.484+0200] {logging_mixin.py:149} INFO - /home/reynel1995/Thesis/Participant1/1_6-6.mrxs
[2023-06-26T07:04:25.484+0200] {logging_mixin.py:149} INFO - /home/reynel1995/Thesis/Participant1
[2023-06-26T07:04:25.484+0200] {logging_mixin.py:149} INFO - ['/home/reynel1995/Thesis/Participant1/1_6-6.mrxs']
[2023-06-26T07:04:25.484+0200] {logging_mixin.py:149} INFO - id reynel_95
[2023-06-26T07:04:25.484+0200] {logging_mixin.py:149} INFO - folder_path /home/reynel1995/Thesis/Participant1
[2023-06-26T07:04:26.054+0200] {logging_mixin.py:149} INFO - Container reynel_95 image built successfully.
[2023-06-26T07:04:26.762+0200] {logging_mixin.py:149} INFO - Container reynel_95 started.
[2023-06-26T07:04:26.922+0200] {logging_mixin.py:149} INFO - File /home/reynel1995/Thesis/host_1/Image_analysis.py copied to container reynel_95 volume.
[2023-06-26T07:05:30.595+0200] {logging_mixin.py:149} INFO - Command 'python /app/Image_analysis.py' executed in container reynel_95.
[2023-06-26T07:05:31.487+0200] {logging_mixin.py:149} INFO - Images copied to /home/reynel1995/Thesis/host_1/reynel_95
[2023-06-26T07:05:31.488+0200] {logging_mixin.py:149} INFO - Results saved to directory /home/reynel1995/Thesis/host_1
[2023-06-26T07:05:31.488+0200] {logging_mixin.py:149} INFO - New participants before registering: ['reynel_95']
[2023-06-26T07:05:31.488+0200] {logging_mixin.py:149} INFO - New participants type: <class 'list'>
[2023-06-26T07:05:31.489+0200] {logging_mixin.py:149} INFO - Processing completed.
[2023-06-26T07:05:31.489+0200] {python.py:183} INFO - Done. Returned value was: None
[2023-06-26T07:05:31.497+0200] {taskinstance.py:1345} INFO - Marking task as SUCCESS. dag_id=execute_python, task_id=check_participants, execution_date=20230626T044620, start_date=20230626T050425, end_date=20230626T050531
[2023-06-26T07:05:31.539+0200] {local_task_job_runner.py:225} INFO - Task exited with return code 0
[2023-06-26T07:05:31.587+0200] {taskinstance.py:2651} INFO - 1 downstream tasks scheduled from follow-on schedule check
