[2023-06-26T06:59:15.248+0200] {taskinstance.py:1103} INFO - Dependencies all met for dep_context=non-requeueable deps ti=<TaskInstance: execute_python.check_participants manual__2023-06-26T04:46:20.386225+00:00 [queued]>
[2023-06-26T06:59:15.266+0200] {taskinstance.py:1103} INFO - Dependencies all met for dep_context=requeueable deps ti=<TaskInstance: execute_python.check_participants manual__2023-06-26T04:46:20.386225+00:00 [queued]>
[2023-06-26T06:59:15.266+0200] {taskinstance.py:1308} INFO - Starting attempt 4 of 5
[2023-06-26T06:59:15.304+0200] {taskinstance.py:1327} INFO - Executing <Task(PythonOperator): check_participants> on 2023-06-26 04:46:20.386225+00:00
[2023-06-26T06:59:15.310+0200] {standard_task_runner.py:57} INFO - Started process 112296 to run task
[2023-06-26T06:59:15.316+0200] {standard_task_runner.py:84} INFO - Running: ['airflow', 'tasks', 'run', 'execute_python', 'check_participants', 'manual__2023-06-26T04:46:20.386225+00:00', '--job-id', '103', '--raw', '--subdir', 'DAGS_FOLDER/thesis_container.py', '--cfg-path', '/tmp/tmpzopsl_wt']
[2023-06-26T06:59:15.318+0200] {standard_task_runner.py:85} INFO - Job 103: Subtask check_participants
[2023-06-26T06:59:15.438+0200] {task_command.py:410} INFO - Running <TaskInstance: execute_python.check_participants manual__2023-06-26T04:46:20.386225+00:00 [running]> on host DESKTOP-3KJU1M7.
[2023-06-26T06:59:15.558+0200] {taskinstance.py:1545} INFO - Exporting env vars: AIRFLOW_CTX_DAG_OWNER='airflow' AIRFLOW_CTX_DAG_ID='execute_python' AIRFLOW_CTX_TASK_ID='check_participants' AIRFLOW_CTX_EXECUTION_DATE='2023-06-26T04:46:20.386225+00:00' AIRFLOW_CTX_TRY_NUMBER='4' AIRFLOW_CTX_DAG_RUN_ID='manual__2023-06-26T04:46:20.386225+00:00'
[2023-06-26T06:59:15.574+0200] {logging_mixin.py:149} INFO - ['reynel_95']
[2023-06-26T06:59:15.575+0200] {logging_mixin.py:149} INFO - []
[2023-06-26T06:59:15.576+0200] {logging_mixin.py:149} INFO - ['reynel_95']
[2023-06-26T06:59:15.576+0200] {logging_mixin.py:149} INFO - New participants found. Creating containers...
[2023-06-26T06:59:15.576+0200] {logging_mixin.py:149} INFO - 0
[2023-06-26T06:59:15.576+0200] {logging_mixin.py:149} INFO - <class 'int'>
[2023-06-26T06:59:15.576+0200] {logging_mixin.py:149} INFO - ['reynel_95']
[2023-06-26T06:59:15.576+0200] {logging_mixin.py:149} INFO - list test ['reynel_95']
[2023-06-26T06:59:15.578+0200] {logging_mixin.py:149} INFO - ['/home/reynel1995/Thesis/Participant1/1_6-6.mrxs']
[2023-06-26T06:59:15.578+0200] {logging_mixin.py:149} INFO - single container reynel_95
[2023-06-26T06:59:15.578+0200] {logging_mixin.py:149} INFO - /home/reynel1995/Thesis/Participant1/1_6-6.mrxs
[2023-06-26T06:59:15.578+0200] {logging_mixin.py:149} INFO - /home/reynel1995/Thesis/Participant1/1_6-6.mrxs
[2023-06-26T06:59:15.578+0200] {logging_mixin.py:149} INFO - /home/reynel1995/Thesis/Participant1
[2023-06-26T06:59:15.578+0200] {logging_mixin.py:149} INFO - ['/home/reynel1995/Thesis/Participant1/1_6-6.mrxs']
[2023-06-26T06:59:15.579+0200] {logging_mixin.py:149} INFO - id reynel_95
[2023-06-26T06:59:15.579+0200] {logging_mixin.py:149} INFO - folder_path /home/reynel1995/Thesis/Participant1
[2023-06-26T06:59:17.450+0200] {logging_mixin.py:149} INFO - Container reynel_95 image built successfully.
[2023-06-26T06:59:19.632+0200] {logging_mixin.py:149} INFO - Container reynel_95 started.
[2023-06-26T06:59:19.824+0200] {logging_mixin.py:149} INFO - File /home/reynel1995/Thesis/host_1/Image_analysis.py copied to container reynel_95 volume.
[2023-06-26T06:59:19.842+0200] {logging_mixin.py:149} INFO - Container 1_6-6.mrxs not found.
[2023-06-26T06:59:19.842+0200] {logging_mixin.py:149} INFO - Results saved to directory /home/reynel1995/Thesis/host_1
[2023-06-26T06:59:19.842+0200] {logging_mixin.py:149} INFO - New participants before registering: ['reynel_95']
[2023-06-26T06:59:19.843+0200] {logging_mixin.py:149} INFO - New participants type: <class 'list'>
[2023-06-26T06:59:19.843+0200] {logging_mixin.py:149} INFO - Processing completed.
[2023-06-26T06:59:19.843+0200] {python.py:183} INFO - Done. Returned value was: None
[2023-06-26T06:59:19.855+0200] {taskinstance.py:1345} INFO - Marking task as SUCCESS. dag_id=execute_python, task_id=check_participants, execution_date=20230626T044620, start_date=20230626T045915, end_date=20230626T045919
[2023-06-26T06:59:19.915+0200] {local_task_job_runner.py:225} INFO - Task exited with return code 0
[2023-06-26T06:59:19.960+0200] {taskinstance.py:2651} INFO - 1 downstream tasks scheduled from follow-on schedule check
